{"date":"2023-03-18T11:55:21.390Z","level":"info","message":"Request received","method":"GET","service":"user-service","url":"/api-docs"}
{"date":"2023-03-18T11:55:21.465Z","level":"info","message":"Request received","method":"GET","service":"user-service","url":"/api-docs/"}
{"date":"2023-03-18T11:55:21.630Z","level":"info","message":"Request received","method":"GET","service":"user-service","url":"/api-docs/swagger-ui.css"}
{"date":"2023-03-18T11:55:21.633Z","level":"info","message":"Request received","method":"GET","service":"user-service","url":"/api-docs/swagger-ui-bundle.js"}
{"date":"2023-03-18T11:55:21.640Z","level":"info","message":"Request received","method":"GET","service":"user-service","url":"/api-docs/swagger-ui-standalone-preset.js"}
{"date":"2023-03-18T11:55:21.644Z","level":"info","message":"Request received","method":"GET","service":"user-service","url":"/api-docs/swagger-ui-init.js"}
{"date":"2023-03-18T11:55:23.331Z","level":"info","message":"Request received","method":"GET","service":"user-service","url":"/api-docs/favicon-32x32.png"}
{"date":"2023-03-18T11:56:28.283Z","level":"info","message":"Request received","method":"GET","service":"user-service","url":"/api-docs/"}
{"date":"2023-03-18T11:56:28.376Z","level":"info","message":"Request received","method":"GET","service":"user-service","url":"/api-docs/swagger-ui.css"}
{"date":"2023-03-18T11:56:28.382Z","level":"info","message":"Request received","method":"GET","service":"user-service","url":"/api-docs/swagger-ui-bundle.js"}
{"date":"2023-03-18T11:56:28.386Z","level":"info","message":"Request received","method":"GET","service":"user-service","url":"/api-docs/swagger-ui-init.js"}
{"date":"2023-03-18T11:56:28.398Z","level":"info","message":"Request received","method":"GET","service":"user-service","url":"/api-docs/swagger-ui-standalone-preset.js"}
{"date":"2023-03-18T11:56:28.964Z","level":"info","message":"Request received","method":"GET","service":"user-service","url":"/api-docs/favicon-32x32.png"}
{"date":"2023-03-18T12:02:10.800Z","level":"info","message":"Request received","method":"GET","service":"user-service","url":"/api-docs/"}
{"date":"2023-03-18T12:02:10.885Z","level":"info","message":"Request received","method":"GET","service":"user-service","url":"/api-docs/swagger-ui.css"}
{"date":"2023-03-18T12:02:10.889Z","level":"info","message":"Request received","method":"GET","service":"user-service","url":"/api-docs/swagger-ui-bundle.js"}
{"date":"2023-03-18T12:02:10.903Z","level":"info","message":"Request received","method":"GET","service":"user-service","url":"/api-docs/swagger-ui-standalone-preset.js"}
{"date":"2023-03-18T12:02:10.906Z","level":"info","message":"Request received","method":"GET","service":"user-service","url":"/api-docs/swagger-ui-init.js"}
{"date":"2023-03-18T12:02:11.324Z","level":"info","message":"Request received","method":"GET","service":"user-service","url":"/api-docs/favicon-32x32.png"}
{"date":"2023-03-18T12:04:34.661Z","level":"info","message":"Request received","method":"GET","service":"user-service","url":"/api-docs/"}
{"date":"2023-03-18T12:04:34.744Z","level":"info","message":"Request received","method":"GET","service":"user-service","url":"/api-docs/swagger-ui.css"}
{"date":"2023-03-18T12:04:34.759Z","level":"info","message":"Request received","method":"GET","service":"user-service","url":"/api-docs/swagger-ui-bundle.js"}
{"date":"2023-03-18T12:04:34.770Z","level":"info","message":"Request received","method":"GET","service":"user-service","url":"/api-docs/swagger-ui-standalone-preset.js"}
{"date":"2023-03-18T12:04:34.773Z","level":"info","message":"Request received","method":"GET","service":"user-service","url":"/api-docs/swagger-ui-init.js"}
{"date":"2023-03-18T12:04:35.172Z","level":"info","message":"Request received","method":"GET","service":"user-service","url":"/api-docs/favicon-32x32.png"}
{"date":"2023-03-18T12:04:48.524Z","level":"info","message":"Request received","method":"GET","service":"user-service","url":"/api-docs/"}
{"date":"2023-03-18T12:04:48.581Z","level":"info","message":"Request received","method":"GET","service":"user-service","url":"/api-docs/swagger-ui.css"}
{"date":"2023-03-18T12:04:48.591Z","level":"info","message":"Request received","method":"GET","service":"user-service","url":"/api-docs/swagger-ui-bundle.js"}
{"date":"2023-03-18T12:04:48.604Z","level":"info","message":"Request received","method":"GET","service":"user-service","url":"/api-docs/swagger-ui-standalone-preset.js"}
{"date":"2023-03-18T12:04:48.609Z","level":"info","message":"Request received","method":"GET","service":"user-service","url":"/api-docs/swagger-ui-init.js"}
{"date":"2023-03-18T12:04:49.064Z","level":"info","message":"Request received","method":"GET","service":"user-service","url":"/api-docs/favicon-32x32.png"}
{"date":"2023-03-18T12:05:49.706Z","level":"info","message":"Request received","method":"GET","service":"user-service","url":"/api-docs/"}
{"date":"2023-03-18T12:05:49.785Z","level":"info","message":"Request received","method":"GET","service":"user-service","url":"/api-docs/swagger-ui.css"}
{"date":"2023-03-18T12:05:49.802Z","level":"info","message":"Request received","method":"GET","service":"user-service","url":"/api-docs/swagger-ui-bundle.js"}
{"date":"2023-03-18T12:05:49.816Z","level":"info","message":"Request received","method":"GET","service":"user-service","url":"/api-docs/swagger-ui-standalone-preset.js"}
{"date":"2023-03-18T12:05:49.825Z","level":"info","message":"Request received","method":"GET","service":"user-service","url":"/api-docs/swagger-ui-init.js"}
{"date":"2023-03-18T12:05:50.213Z","level":"info","message":"Request received","method":"GET","service":"user-service","url":"/api-docs/favicon-32x32.png"}
{"date":"2023-03-18T12:07:05.429Z","level":"info","message":"Request received","method":"GET","service":"user-service","url":"/api-docs/"}
{"date":"2023-03-18T12:07:05.494Z","level":"info","message":"Request received","method":"GET","service":"user-service","url":"/api-docs/swagger-ui.css"}
{"date":"2023-03-18T12:07:05.501Z","level":"info","message":"Request received","method":"GET","service":"user-service","url":"/api-docs/swagger-ui-bundle.js"}
{"date":"2023-03-18T12:07:05.514Z","level":"info","message":"Request received","method":"GET","service":"user-service","url":"/api-docs/swagger-ui-standalone-preset.js"}
{"date":"2023-03-18T12:07:05.520Z","level":"info","message":"Request received","method":"GET","service":"user-service","url":"/api-docs/swagger-ui-init.js"}
{"date":"2023-03-18T12:07:05.974Z","level":"info","message":"Request received","method":"GET","service":"user-service","url":"/api-docs/favicon-32x32.png"}
{"date":"2023-03-18T12:09:27.137Z","level":"info","message":"Request received","method":"GET","service":"user-service","url":"/api-docs/"}
{"date":"2023-03-18T12:09:27.200Z","level":"info","message":"Request received","method":"GET","service":"user-service","url":"/api-docs/swagger-ui.css"}
{"date":"2023-03-18T12:09:27.204Z","level":"info","message":"Request received","method":"GET","service":"user-service","url":"/api-docs/swagger-ui-bundle.js"}
{"date":"2023-03-18T12:09:27.213Z","level":"info","message":"Request received","method":"GET","service":"user-service","url":"/api-docs/swagger-ui-standalone-preset.js"}
{"date":"2023-03-18T12:09:27.231Z","level":"info","message":"Request received","method":"GET","service":"user-service","url":"/api-docs/swagger-ui-init.js"}
{"date":"2023-03-18T12:09:27.598Z","level":"info","message":"Request received","method":"GET","service":"user-service","url":"/api-docs/favicon-32x32.png"}
{"date":"2023-03-18T12:10:43.626Z","level":"info","message":"Request received","method":"GET","service":"user-service","url":"/api-docs/"}
{"date":"2023-03-18T12:10:43.728Z","level":"info","message":"Request received","method":"GET","service":"user-service","url":"/api-docs/swagger-ui.css"}
{"date":"2023-03-18T12:10:43.735Z","level":"info","message":"Request received","method":"GET","service":"user-service","url":"/api-docs/swagger-ui-bundle.js"}
{"date":"2023-03-18T12:10:43.741Z","level":"info","message":"Request received","method":"GET","service":"user-service","url":"/api-docs/swagger-ui-standalone-preset.js"}
{"date":"2023-03-18T12:10:43.755Z","level":"info","message":"Request received","method":"GET","service":"user-service","url":"/api-docs/swagger-ui-init.js"}
{"date":"2023-03-18T12:10:44.968Z","level":"info","message":"Request received","method":"GET","service":"user-service","url":"/api-docs/favicon-32x32.png"}
{"date":"2023-03-18T12:11:20.372Z","level":"info","message":"Request received","method":"GET","service":"user-service","url":"/api-docs/"}
{"date":"2023-03-18T12:11:20.452Z","level":"info","message":"Request received","method":"GET","service":"user-service","url":"/api-docs/swagger-ui.css"}
{"date":"2023-03-18T12:11:20.471Z","level":"info","message":"Request received","method":"GET","service":"user-service","url":"/api-docs/swagger-ui-bundle.js"}
{"date":"2023-03-18T12:11:20.475Z","level":"info","message":"Request received","method":"GET","service":"user-service","url":"/api-docs/swagger-ui-init.js"}
{"date":"2023-03-18T12:11:20.480Z","level":"info","message":"Request received","method":"GET","service":"user-service","url":"/api-docs/swagger-ui-standalone-preset.js"}
{"date":"2023-03-18T12:11:21.001Z","level":"info","message":"Request received","method":"GET","service":"user-service","url":"/api-docs/favicon-32x32.png"}
{"date":"2023-03-18T12:12:15.984Z","level":"info","message":"Request received","method":"GET","service":"user-service","url":"/api-docs/"}
{"date":"2023-03-18T12:12:16.073Z","level":"info","message":"Request received","method":"GET","service":"user-service","url":"/api-docs/swagger-ui.css"}
{"date":"2023-03-18T12:12:16.085Z","level":"info","message":"Request received","method":"GET","service":"user-service","url":"/api-docs/swagger-ui-standalone-preset.js"}
{"date":"2023-03-18T12:12:16.101Z","level":"info","message":"Request received","method":"GET","service":"user-service","url":"/api-docs/swagger-ui-bundle.js"}
{"date":"2023-03-18T12:12:16.104Z","level":"info","message":"Request received","method":"GET","service":"user-service","url":"/api-docs/swagger-ui-init.js"}
{"date":"2023-03-18T12:12:16.472Z","level":"info","message":"Request received","method":"GET","service":"user-service","url":"/api-docs/favicon-32x32.png"}
{"date":"2023-03-18T12:13:28.892Z","level":"info","message":"Request received","method":"GET","service":"user-service","url":"/api-docs/favicon-32x32.png"}
{"date":"2023-03-18T12:13:28.921Z","level":"info","message":"Request received","method":"GET","service":"user-service","url":"/api-docs/"}
{"date":"2023-03-18T12:13:29.107Z","level":"info","message":"Request received","method":"GET","service":"user-service","url":"/api-docs/swagger-ui.css"}
{"date":"2023-03-18T12:13:29.117Z","level":"info","message":"Request received","method":"GET","service":"user-service","url":"/api-docs/swagger-ui-bundle.js"}
{"date":"2023-03-18T12:13:29.121Z","level":"info","message":"Request received","method":"GET","service":"user-service","url":"/api-docs/swagger-ui-standalone-preset.js"}
{"date":"2023-03-18T12:13:29.123Z","level":"info","message":"Request received","method":"GET","service":"user-service","url":"/api-docs/swagger-ui-init.js"}
{"date":"2023-03-18T12:13:32.976Z","level":"info","message":"Request received","method":"GET","service":"user-service","url":"/api-docs/"}
{"date":"2023-03-18T12:13:33.029Z","level":"info","message":"Request received","method":"GET","service":"user-service","url":"/api-docs/swagger-ui.css"}
{"date":"2023-03-18T12:13:33.040Z","level":"info","message":"Request received","method":"GET","service":"user-service","url":"/api-docs/swagger-ui-bundle.js"}
{"date":"2023-03-18T12:13:33.049Z","level":"info","message":"Request received","method":"GET","service":"user-service","url":"/api-docs/swagger-ui-standalone-preset.js"}
{"date":"2023-03-18T12:13:33.056Z","level":"info","message":"Request received","method":"GET","service":"user-service","url":"/api-docs/swagger-ui-init.js"}
{"date":"2023-03-18T12:13:33.422Z","level":"info","message":"Request received","method":"GET","service":"user-service","url":"/api-docs/favicon-32x32.png"}
{"date":"2023-03-18T12:13:56.838Z","level":"info","message":"Request received","method":"GET","service":"user-service","url":"/api-docs/"}
{"date":"2023-03-18T12:13:56.912Z","level":"info","message":"Request received","method":"GET","service":"user-service","url":"/api-docs/swagger-ui.css"}
{"date":"2023-03-18T12:13:56.930Z","level":"info","message":"Request received","method":"GET","service":"user-service","url":"/api-docs/swagger-ui-bundle.js"}
{"date":"2023-03-18T12:13:56.937Z","level":"info","message":"Request received","method":"GET","service":"user-service","url":"/api-docs/swagger-ui-init.js"}
{"date":"2023-03-18T12:13:56.942Z","level":"info","message":"Request received","method":"GET","service":"user-service","url":"/api-docs/swagger-ui-standalone-preset.js"}
{"date":"2023-03-18T12:13:57.288Z","level":"info","message":"Request received","method":"GET","service":"user-service","url":"/api-docs/favicon-32x32.png"}
{"date":"2023-03-18T12:14:06.576Z","level":"info","message":"Request received","method":"GET","service":"user-service","url":"/api-docs/"}
{"date":"2023-03-18T12:14:06.625Z","level":"info","message":"Request received","method":"GET","service":"user-service","url":"/api-docs/swagger-ui.css"}
{"date":"2023-03-18T12:14:06.631Z","level":"info","message":"Request received","method":"GET","service":"user-service","url":"/api-docs/swagger-ui-bundle.js"}
{"date":"2023-03-18T12:14:06.646Z","level":"info","message":"Request received","method":"GET","service":"user-service","url":"/api-docs/swagger-ui-standalone-preset.js"}
{"date":"2023-03-18T12:14:06.657Z","level":"info","message":"Request received","method":"GET","service":"user-service","url":"/api-docs/swagger-ui-init.js"}
{"date":"2023-03-18T12:14:06.947Z","level":"info","message":"Request received","method":"GET","service":"user-service","url":"/api-docs/favicon-32x32.png"}
{"date":"2023-03-18T12:14:40.464Z","level":"info","message":"Request received","method":"GET","service":"user-service","url":"/api-docs/"}
{"date":"2023-03-18T12:14:40.572Z","level":"info","message":"Request received","method":"GET","service":"user-service","url":"/api-docs/swagger-ui.css"}
{"date":"2023-03-18T12:14:40.578Z","level":"info","message":"Request received","method":"GET","service":"user-service","url":"/api-docs/swagger-ui-bundle.js"}
{"date":"2023-03-18T12:14:40.586Z","level":"info","message":"Request received","method":"GET","service":"user-service","url":"/api-docs/swagger-ui-standalone-preset.js"}
{"date":"2023-03-18T12:14:40.609Z","level":"info","message":"Request received","method":"GET","service":"user-service","url":"/api-docs/swagger-ui-init.js"}
{"date":"2023-03-18T12:14:41.266Z","level":"info","message":"Request received","method":"GET","service":"user-service","url":"/api-docs/favicon-32x32.png"}
{"date":"2023-03-18T12:29:00.797Z","level":"info","message":"Request received","method":"GET","service":"user-service","url":"/"}
{"date":"2023-03-18T12:30:38.116Z","level":"info","message":"Request received","method":"GET","service":"user-service","url":"/"}
{"date":"2023-03-18T12:38:23.451Z","level":"info","message":"Request received","method":"GET","service":"user-service","url":"/api-docs/"}
{"date":"2023-09-05T07:17:03.272Z","level":"info","message":"Request received","method":"GET","service":"user-service","url":"/"}
{"date":"2023-09-05T07:17:03.566Z","level":"info","message":"Request received","method":"GET","service":"user-service","url":"/favicon.ico"}
{"date":"2023-09-05T07:17:05.901Z","level":"info","message":"Request received","method":"GET","service":"user-service","url":"/"}
{"date":"2023-09-05T07:17:47.653Z","level":"info","message":"Request received","method":"GET","service":"user-service","url":"/"}
{"date":"2023-09-05T07:17:49.198Z","level":"info","message":"Request received","method":"GET","service":"user-service","url":"/"}
{"date":"2023-09-05T07:18:03.435Z","level":"info","message":"Request received","method":"GET","service":"user-service","url":"/"}
{"date":"2023-09-05T07:21:07.064Z","level":"info","message":"Request received","method":"GET","service":"user-service","url":"/"}
{"date":"2023-09-05T07:21:07.393Z","level":"info","message":"Request received","method":"GET","service":"user-service","url":"/"}
{"date":"2023-09-05T07:21:38.311Z","level":"info","message":"Request received","method":"GET","service":"user-service","url":"/"}
{"date":"2023-09-05T07:21:40.361Z","level":"info","message":"Request received","method":"GET","service":"user-service","url":"/"}
{"date":"2023-09-05T07:22:07.072Z","level":"info","message":"Request received","method":"GET","service":"user-service","url":"/"}
{"date":"2023-09-05T07:22:17.624Z","level":"info","message":"Request received","method":"GET","service":"user-service","url":"/"}
{"date":"2023-09-06T07:20:34.430Z","level":"info","message":"Request received","method":"GET","service":"user-service","url":"/"}
{"date":"2023-09-06T07:20:34.518Z","level":"info","message":"Request received","method":"GET","service":"user-service","url":"/style.css"}
{"date":"2023-09-06T07:20:34.525Z","level":"info","message":"Request received","method":"GET","service":"user-service","url":"/wassup.png"}
{"date":"2023-09-06T07:20:34.573Z","level":"info","message":"Request received","method":"GET","service":"user-service","url":"/client.js"}
{"date":"2023-09-06T07:20:38.836Z","level":"info","message":"Request received","method":"GET","service":"user-service","url":"/favicon.ico"}
{"date":"2023-09-06T07:22:39.565Z","level":"info","message":"Request received","method":"GET","service":"user-service","url":"/"}
{"date":"2023-09-06T07:22:39.627Z","level":"info","message":"Request received","method":"GET","service":"user-service","url":"/style.css"}
{"date":"2023-09-06T07:22:39.638Z","level":"info","message":"Request received","method":"GET","service":"user-service","url":"/wassup.png"}
{"date":"2023-09-06T07:22:39.663Z","level":"info","message":"Request received","method":"GET","service":"user-service","url":"/socket.io/socket.io.js"}
{"date":"2023-09-06T07:22:39.667Z","level":"info","message":"Request received","method":"GET","service":"user-service","url":"/client.js"}
{"date":"2023-09-06T07:35:11.330Z","level":"info","message":"Request received","method":"GET","service":"user-service","url":"/"}
{"date":"2023-09-06T07:35:11.384Z","level":"info","message":"Request received","method":"GET","service":"user-service","url":"/style.css"}
{"date":"2023-09-06T07:35:11.388Z","level":"info","message":"Request received","method":"GET","service":"user-service","url":"/wassup.png"}
{"date":"2023-09-06T07:35:11.406Z","level":"info","message":"Request received","method":"GET","service":"user-service","url":"/socket.io/socket.io.js"}
{"date":"2023-09-06T07:35:11.413Z","level":"info","message":"Request received","method":"GET","service":"user-service","url":"/client.js"}
{"date":"2023-09-06T07:37:02.296Z","level":"info","message":"Request received","method":"GET","service":"user-service","url":"/"}
{"date":"2023-09-06T07:37:02.355Z","level":"info","message":"Request received","method":"GET","service":"user-service","url":"/style.css"}
{"date":"2023-09-06T07:37:02.375Z","level":"info","message":"Request received","method":"GET","service":"user-service","url":"/wassup.png"}
{"date":"2023-09-06T07:37:02.403Z","level":"info","message":"Request received","method":"GET","service":"user-service","url":"/socket.io/socket.io.js"}
{"date":"2023-09-06T07:37:02.407Z","level":"info","message":"Request received","method":"GET","service":"user-service","url":"/client.js"}
{"date":"2023-09-06T07:37:40.830Z","level":"info","message":"Request received","method":"GET","service":"user-service","url":"/"}
{"date":"2023-09-06T07:37:40.909Z","level":"info","message":"Request received","method":"GET","service":"user-service","url":"/socket.io/socket.io.js"}
{"date":"2023-09-06T07:37:40.928Z","level":"info","message":"Request received","method":"GET","service":"user-service","url":"/style.css"}
{"date":"2023-09-06T07:37:40.938Z","level":"info","message":"Request received","method":"GET","service":"user-service","url":"/wassup.png"}
{"date":"2023-09-06T07:37:40.941Z","level":"info","message":"Request received","method":"GET","service":"user-service","url":"/client.js"}
{"date":"2023-09-06T07:38:28.922Z","level":"info","message":"Request received","method":"GET","service":"user-service","url":"/"}
{"date":"2023-09-06T07:38:28.982Z","level":"info","message":"Request received","method":"GET","service":"user-service","url":"/style.css"}
{"date":"2023-09-06T07:38:28.996Z","level":"info","message":"Request received","method":"GET","service":"user-service","url":"/wassup.png"}
{"date":"2023-09-06T07:38:29.030Z","level":"info","message":"Request received","method":"GET","service":"user-service","url":"/client.js"}
{"date":"2023-09-06T07:39:52.620Z","level":"info","message":"Request received","method":"GET","service":"user-service","url":"/"}
{"date":"2023-09-06T07:39:52.696Z","level":"info","message":"Request received","method":"GET","service":"user-service","url":"/style.css"}
{"date":"2023-09-06T07:39:52.706Z","level":"info","message":"Request received","method":"GET","service":"user-service","url":"/wassup.png"}
{"date":"2023-09-06T07:39:52.722Z","level":"info","message":"Request received","method":"GET","service":"user-service","url":"/client.js"}
{"date":"2023-09-06T07:40:18.050Z","level":"info","message":"Request received","method":"GET","service":"user-service","url":"/"}
{"date":"2023-09-06T07:40:18.106Z","level":"info","message":"Request received","method":"GET","service":"user-service","url":"/style.css"}
{"date":"2023-09-06T07:40:18.117Z","level":"info","message":"Request received","method":"GET","service":"user-service","url":"/wassup.png"}
{"date":"2023-09-06T07:40:18.134Z","level":"info","message":"Request received","method":"GET","service":"user-service","url":"/client.js"}
{"date":"2023-09-06T07:59:12.980Z","level":"info","message":"Request received","method":"GET","service":"user-service","url":"/"}
{"date":"2023-09-06T07:59:13.072Z","level":"info","message":"Request received","method":"GET","service":"user-service","url":"/style.css"}
{"date":"2023-09-06T07:59:13.079Z","level":"info","message":"Request received","method":"GET","service":"user-service","url":"/wassup.png"}
{"date":"2023-09-06T07:59:13.101Z","level":"info","message":"Request received","method":"GET","service":"user-service","url":"/client.js"}
{"date":"2023-09-06T07:59:16.426Z","level":"info","message":"Request received","method":"GET","service":"user-service","url":"/favicon.ico"}
{"date":"2023-09-06T07:59:43.252Z","level":"info","message":"Request received","method":"GET","service":"user-service","url":"/"}
{"date":"2023-09-06T07:59:43.310Z","level":"info","message":"Request received","method":"GET","service":"user-service","url":"/wassup.png"}
{"date":"2023-09-06T07:59:43.316Z","level":"info","message":"Request received","method":"GET","service":"user-service","url":"/style.css"}
{"date":"2023-09-06T07:59:43.349Z","level":"info","message":"Request received","method":"GET","service":"user-service","url":"/client.js"}
{"date":"2023-09-06T08:02:35.823Z","level":"info","message":"Request received","method":"GET","service":"user-service","url":"/"}
{"date":"2023-09-06T08:02:35.878Z","level":"info","message":"Request received","method":"GET","service":"user-service","url":"/style.css"}
{"date":"2023-09-06T08:02:35.890Z","level":"info","message":"Request received","method":"GET","service":"user-service","url":"/wassup.png"}
{"date":"2023-09-06T08:02:35.903Z","level":"info","message":"Request received","method":"GET","service":"user-service","url":"/client.js"}
{"date":"2023-09-06T08:03:57.646Z","level":"info","message":"Request received","method":"GET","service":"user-service","url":"/"}
{"date":"2023-09-06T08:03:57.693Z","level":"info","message":"Request received","method":"GET","service":"user-service","url":"/style.css"}
{"date":"2023-09-06T08:03:57.700Z","level":"info","message":"Request received","method":"GET","service":"user-service","url":"/wassup.png"}
{"date":"2023-09-06T08:03:57.717Z","level":"info","message":"Request received","method":"GET","service":"user-service","url":"/client.js"}
{"date":"2023-09-06T08:04:54.188Z","level":"info","message":"Request received","method":"GET","service":"user-service","url":"/"}
{"date":"2023-09-06T08:04:54.233Z","level":"info","message":"Request received","method":"GET","service":"user-service","url":"/style.css"}
{"date":"2023-09-06T08:04:54.239Z","level":"info","message":"Request received","method":"GET","service":"user-service","url":"/wassup.png"}
{"date":"2023-09-06T08:04:54.260Z","level":"info","message":"Request received","method":"GET","service":"user-service","url":"/client.js"}
{"date":"2023-09-06T08:05:37.148Z","level":"info","message":"Request received","method":"GET","service":"user-service","url":"/"}
{"date":"2023-09-06T08:05:37.189Z","level":"info","message":"Request received","method":"GET","service":"user-service","url":"/style.css"}
{"date":"2023-09-06T08:05:37.197Z","level":"info","message":"Request received","method":"GET","service":"user-service","url":"/wassup.png"}
{"date":"2023-09-06T08:05:37.217Z","level":"info","message":"Request received","method":"GET","service":"user-service","url":"/client.js"}
{"date":"2023-09-06T08:05:59.018Z","level":"info","message":"Request received","method":"GET","service":"user-service","url":"/"}
{"date":"2023-09-06T08:05:59.089Z","level":"info","message":"Request received","method":"GET","service":"user-service","url":"/style.css"}
{"date":"2023-09-06T08:05:59.095Z","level":"info","message":"Request received","method":"GET","service":"user-service","url":"/wassup.png"}
{"date":"2023-09-06T08:05:59.144Z","level":"info","message":"Request received","method":"GET","service":"user-service","url":"/client.js"}
{"date":"2023-09-06T08:11:16.180Z","level":"info","message":"Request received","method":"GET","service":"user-service","url":"/"}
{"date":"2023-09-06T08:11:16.218Z","level":"info","message":"Request received","method":"GET","service":"user-service","url":"/style.css"}
{"date":"2023-09-06T08:11:16.230Z","level":"info","message":"Request received","method":"GET","service":"user-service","url":"/wassup.png"}
{"date":"2023-09-06T08:11:16.245Z","level":"info","message":"Request received","method":"GET","service":"user-service","url":"/client.js"}
{"date":"2023-09-06T08:11:18.267Z","level":"info","message":"Request received","method":"GET","service":"user-service","url":"/"}
{"date":"2023-09-06T08:11:18.299Z","level":"info","message":"Request received","method":"GET","service":"user-service","url":"/style.css"}
{"date":"2023-09-06T08:11:18.303Z","level":"info","message":"Request received","method":"GET","service":"user-service","url":"/wassup.png"}
{"date":"2023-09-06T08:11:18.318Z","level":"info","message":"Request received","method":"GET","service":"user-service","url":"/client.js"}
{"date":"2023-09-06T08:13:14.021Z","level":"info","message":"Request received","method":"GET","service":"user-service","url":"/"}
{"date":"2023-09-06T08:13:14.066Z","level":"info","message":"Request received","method":"GET","service":"user-service","url":"/style.css"}
{"date":"2023-09-06T08:13:14.079Z","level":"info","message":"Request received","method":"GET","service":"user-service","url":"/wassup.png"}
{"date":"2023-09-06T08:13:14.092Z","level":"info","message":"Request received","method":"GET","service":"user-service","url":"/client.js"}
{"date":"2023-09-06T08:13:33.785Z","level":"info","message":"Request received","method":"GET","service":"user-service","url":"/"}
{"date":"2023-09-06T08:13:33.832Z","level":"info","message":"Request received","method":"GET","service":"user-service","url":"/style.css"}
{"date":"2023-09-06T08:13:33.841Z","level":"info","message":"Request received","method":"GET","service":"user-service","url":"/client.js"}
{"date":"2023-09-06T08:13:33.848Z","level":"info","message":"Request received","method":"GET","service":"user-service","url":"/wassup.png"}
{"date":"2023-09-06T08:15:17.120Z","level":"info","message":"Request received","method":"GET","service":"user-service","url":"/"}
{"date":"2023-09-06T08:15:17.164Z","level":"info","message":"Request received","method":"GET","service":"user-service","url":"/style.css"}
{"date":"2023-09-06T08:15:17.172Z","level":"info","message":"Request received","method":"GET","service":"user-service","url":"/wassup.png"}
{"date":"2023-09-06T08:15:17.196Z","level":"info","message":"Request received","method":"GET","service":"user-service","url":"/client.js"}
{"date":"2023-09-06T08:15:55.198Z","level":"info","message":"Request received","method":"GET","service":"user-service","url":"/"}
{"date":"2023-09-06T08:15:55.237Z","level":"info","message":"Request received","method":"GET","service":"user-service","url":"/style.css"}
{"date":"2023-09-06T08:15:55.243Z","level":"info","message":"Request received","method":"GET","service":"user-service","url":"/wassup.png"}
{"date":"2023-09-06T08:15:55.259Z","level":"info","message":"Request received","method":"GET","service":"user-service","url":"/client.js"}
{"date":"2023-09-06T08:18:04.849Z","level":"info","message":"Request received","method":"GET","service":"user-service","url":"/"}
{"date":"2023-09-06T08:18:04.885Z","level":"info","message":"Request received","method":"GET","service":"user-service","url":"/style.css"}
{"date":"2023-09-06T08:18:04.890Z","level":"info","message":"Request received","method":"GET","service":"user-service","url":"/wassup.png"}
{"date":"2023-09-06T08:18:04.912Z","level":"info","message":"Request received","method":"GET","service":"user-service","url":"/client.js"}
{"date":"2023-09-06T08:18:58.981Z","level":"info","message":"Request received","method":"GET","service":"user-service","url":"/"}
{"date":"2023-09-06T08:18:59.013Z","level":"info","message":"Request received","method":"GET","service":"user-service","url":"/style.css"}
{"date":"2023-09-06T08:18:59.031Z","level":"info","message":"Request received","method":"GET","service":"user-service","url":"/wassup.png"}
{"date":"2023-09-06T08:18:59.039Z","level":"info","message":"Request received","method":"GET","service":"user-service","url":"/client.js"}
{"date":"2023-09-06T08:19:47.123Z","level":"info","message":"Request received","method":"GET","service":"user-service","url":"/"}
{"date":"2023-09-06T08:19:47.175Z","level":"info","message":"Request received","method":"GET","service":"user-service","url":"/style.css"}
{"date":"2023-09-06T08:19:47.184Z","level":"info","message":"Request received","method":"GET","service":"user-service","url":"/wassup.png"}
{"date":"2023-09-06T08:19:47.195Z","level":"info","message":"Request received","method":"GET","service":"user-service","url":"/client.js"}
{"date":"2023-09-06T08:19:52.978Z","level":"info","message":"Request received","method":"GET","service":"user-service","url":"/"}
{"date":"2023-09-06T08:19:53.013Z","level":"info","message":"Request received","method":"GET","service":"user-service","url":"/style.css"}
{"date":"2023-09-06T08:19:53.028Z","level":"info","message":"Request received","method":"GET","service":"user-service","url":"/wassup.png"}
{"date":"2023-09-06T08:19:53.039Z","level":"info","message":"Request received","method":"GET","service":"user-service","url":"/client.js"}
{"date":"2023-09-06T08:20:06.455Z","level":"info","message":"Request received","method":"GET","service":"user-service","url":"/"}
{"date":"2023-09-06T08:20:06.497Z","level":"info","message":"Request received","method":"GET","service":"user-service","url":"/style.css"}
{"date":"2023-09-06T08:20:06.505Z","level":"info","message":"Request received","method":"GET","service":"user-service","url":"/wassup.png"}
{"date":"2023-09-06T08:20:06.520Z","level":"info","message":"Request received","method":"GET","service":"user-service","url":"/client.js"}
{"date":"2023-09-06T08:22:01.070Z","level":"info","message":"Request received","method":"GET","service":"user-service","url":"/"}
{"date":"2023-09-06T08:22:01.096Z","level":"info","message":"Request received","method":"GET","service":"user-service","url":"/style.css"}
{"date":"2023-09-06T08:22:01.109Z","level":"info","message":"Request received","method":"GET","service":"user-service","url":"/client.js"}
{"date":"2023-09-06T08:22:01.114Z","level":"info","message":"Request received","method":"GET","service":"user-service","url":"/wassup.png"}
{"date":"2023-09-06T08:22:28.315Z","level":"info","message":"Request received","method":"GET","service":"user-service","url":"/"}
{"date":"2023-09-06T08:22:28.352Z","level":"info","message":"Request received","method":"GET","service":"user-service","url":"/wassup.png"}
{"date":"2023-09-06T08:22:28.358Z","level":"info","message":"Request received","method":"GET","service":"user-service","url":"/style.css"}
{"date":"2023-09-06T08:22:28.364Z","level":"info","message":"Request received","method":"GET","service":"user-service","url":"/client.js"}
{"date":"2023-09-06T08:23:01.493Z","level":"info","message":"Request received","method":"GET","service":"user-service","url":"/"}
{"date":"2023-09-06T08:23:01.524Z","level":"info","message":"Request received","method":"GET","service":"user-service","url":"/style.css"}
{"date":"2023-09-06T08:23:01.539Z","level":"info","message":"Request received","method":"GET","service":"user-service","url":"/wassup.png"}
{"date":"2023-09-06T08:23:01.543Z","level":"info","message":"Request received","method":"GET","service":"user-service","url":"/client.js"}
{"date":"2023-09-06T08:23:28.878Z","level":"info","message":"Request received","method":"GET","service":"user-service","url":"/"}
{"date":"2023-09-06T08:23:28.905Z","level":"info","message":"Request received","method":"GET","service":"user-service","url":"/style.css"}
{"date":"2023-09-06T08:23:28.912Z","level":"info","message":"Request received","method":"GET","service":"user-service","url":"/wassup.png"}
{"date":"2023-09-06T08:23:28.931Z","level":"info","message":"Request received","method":"GET","service":"user-service","url":"/client.js"}
{"date":"2023-09-06T08:23:29.712Z","level":"info","message":"Request received","method":"GET","service":"user-service","url":"/"}
{"date":"2023-09-06T08:23:29.741Z","level":"info","message":"Request received","method":"GET","service":"user-service","url":"/style.css"}
{"date":"2023-09-06T08:23:29.752Z","level":"info","message":"Request received","method":"GET","service":"user-service","url":"/wassup.png"}
{"date":"2023-09-06T08:23:29.758Z","level":"info","message":"Request received","method":"GET","service":"user-service","url":"/client.js"}
{"date":"2023-09-06T08:23:41.551Z","level":"info","message":"Request received","method":"GET","service":"user-service","url":"/"}
{"date":"2023-09-06T08:23:41.591Z","level":"info","message":"Request received","method":"GET","service":"user-service","url":"/style.css"}
{"date":"2023-09-06T08:23:41.600Z","level":"info","message":"Request received","method":"GET","service":"user-service","url":"/wassup.png"}
{"date":"2023-09-06T08:23:41.618Z","level":"info","message":"Request received","method":"GET","service":"user-service","url":"/client.js"}
{"date":"2023-09-06T08:23:41.944Z","level":"info","message":"Request received","method":"GET","service":"user-service","url":"/"}
{"date":"2023-09-06T08:23:42.016Z","level":"info","message":"Request received","method":"GET","service":"user-service","url":"/style.css"}
{"date":"2023-09-06T08:23:42.021Z","level":"info","message":"Request received","method":"GET","service":"user-service","url":"/wassup.png"}
{"date":"2023-09-06T08:23:42.058Z","level":"info","message":"Request received","method":"GET","service":"user-service","url":"/client.js"}
{"date":"2023-09-06T08:23:42.713Z","level":"info","message":"Request received","method":"GET","service":"user-service","url":"/favicon.ico"}
{"date":"2023-09-06T08:23:44.012Z","level":"info","message":"Request received","method":"GET","service":"user-service","url":"/"}
{"date":"2023-09-06T08:23:44.076Z","level":"info","message":"Request received","method":"GET","service":"user-service","url":"/style.css"}
{"date":"2023-09-06T08:23:44.094Z","level":"info","message":"Request received","method":"GET","service":"user-service","url":"/wassup.png"}
{"date":"2023-09-06T08:23:44.119Z","level":"info","message":"Request received","method":"GET","service":"user-service","url":"/client.js"}
{"date":"2023-09-06T08:23:44.382Z","level":"info","message":"Request received","method":"GET","service":"user-service","url":"/favicon.ico"}
{"date":"2023-09-06T08:24:31.925Z","level":"info","message":"Request received","method":"GET","service":"user-service","url":"/"}
{"date":"2023-09-06T08:24:31.953Z","level":"info","message":"Request received","method":"GET","service":"user-service","url":"/wassup.png"}
{"date":"2023-09-06T08:24:31.957Z","level":"info","message":"Request received","method":"GET","service":"user-service","url":"/style.css"}
{"date":"2023-09-06T08:24:31.974Z","level":"info","message":"Request received","method":"GET","service":"user-service","url":"/client.js"}
{"date":"2023-09-06T08:24:55.009Z","level":"info","message":"Request received","method":"GET","service":"user-service","url":"/"}
{"date":"2023-09-06T08:24:55.040Z","level":"info","message":"Request received","method":"GET","service":"user-service","url":"/style.css"}
{"date":"2023-09-06T08:24:55.044Z","level":"info","message":"Request received","method":"GET","service":"user-service","url":"/wassup.png"}
{"date":"2023-09-06T08:24:55.058Z","level":"info","message":"Request received","method":"GET","service":"user-service","url":"/client.js"}
{"date":"2023-09-06T08:25:06.761Z","level":"info","message":"Request received","method":"GET","service":"user-service","url":"/"}
{"date":"2023-09-06T08:25:06.794Z","level":"info","message":"Request received","method":"GET","service":"user-service","url":"/style.css"}
{"date":"2023-09-06T08:25:06.797Z","level":"info","message":"Request received","method":"GET","service":"user-service","url":"/wassup.png"}
{"date":"2023-09-06T08:25:06.812Z","level":"info","message":"Request received","method":"GET","service":"user-service","url":"/client.js"}
{"date":"2023-09-06T08:25:20.962Z","level":"info","message":"Request received","method":"GET","service":"user-service","url":"/"}
{"date":"2023-09-06T08:25:20.992Z","level":"info","message":"Request received","method":"GET","service":"user-service","url":"/style.css"}
{"date":"2023-09-06T08:25:20.996Z","level":"info","message":"Request received","method":"GET","service":"user-service","url":"/wassup.png"}
{"date":"2023-09-06T08:25:21.010Z","level":"info","message":"Request received","method":"GET","service":"user-service","url":"/client.js"}
{"date":"2023-09-06T08:25:30.814Z","level":"info","message":"Request received","method":"GET","service":"user-service","url":"/"}
{"date":"2023-09-06T08:25:30.842Z","level":"info","message":"Request received","method":"GET","service":"user-service","url":"/style.css"}
{"date":"2023-09-06T08:25:30.844Z","level":"info","message":"Request received","method":"GET","service":"user-service","url":"/wassup.png"}
{"date":"2023-09-06T08:25:30.862Z","level":"info","message":"Request received","method":"GET","service":"user-service","url":"/client.js"}
{"date":"2023-09-06T08:25:44.427Z","level":"info","message":"Request received","method":"GET","service":"user-service","url":"/"}
{"date":"2023-09-06T08:25:44.462Z","level":"info","message":"Request received","method":"GET","service":"user-service","url":"/style.css"}
{"date":"2023-09-06T08:25:44.471Z","level":"info","message":"Request received","method":"GET","service":"user-service","url":"/wassup.png"}
{"date":"2023-09-06T08:25:44.482Z","level":"info","message":"Request received","method":"GET","service":"user-service","url":"/client.js"}
{"date":"2023-09-06T08:25:45.828Z","level":"info","message":"Request received","method":"GET","service":"user-service","url":"/"}
{"date":"2023-09-06T08:25:45.856Z","level":"info","message":"Request received","method":"GET","service":"user-service","url":"/style.css"}
{"date":"2023-09-06T08:25:45.861Z","level":"info","message":"Request received","method":"GET","service":"user-service","url":"/wassup.png"}
{"date":"2023-09-06T08:25:45.876Z","level":"info","message":"Request received","method":"GET","service":"user-service","url":"/client.js"}
{"date":"2023-09-06T08:25:46.027Z","level":"info","message":"Request received","method":"GET","service":"user-service","url":"/"}
{"date":"2023-09-06T08:25:46.058Z","level":"info","message":"Request received","method":"GET","service":"user-service","url":"/style.css"}
{"date":"2023-09-06T08:25:46.061Z","level":"info","message":"Request received","method":"GET","service":"user-service","url":"/wassup.png"}
{"date":"2023-09-06T08:25:46.072Z","level":"info","message":"Request received","method":"GET","service":"user-service","url":"/client.js"}
{"date":"2023-09-06T08:27:45.361Z","level":"info","message":"Request received","method":"GET","service":"user-service","url":"/"}
{"date":"2023-09-06T08:27:45.388Z","level":"info","message":"Request received","method":"GET","service":"user-service","url":"/style.css"}
{"date":"2023-09-06T08:27:45.399Z","level":"info","message":"Request received","method":"GET","service":"user-service","url":"/wassup.png"}
{"date":"2023-09-06T08:27:45.406Z","level":"info","message":"Request received","method":"GET","service":"user-service","url":"/client.js"}
{"date":"2023-09-06T08:28:00.761Z","level":"info","message":"Request received","method":"GET","service":"user-service","url":"/"}
{"date":"2023-09-06T08:28:00.794Z","level":"info","message":"Request received","method":"GET","service":"user-service","url":"/style.css"}
{"date":"2023-09-06T08:28:00.800Z","level":"info","message":"Request received","method":"GET","service":"user-service","url":"/wassup.png"}
{"date":"2023-09-06T08:28:00.807Z","level":"info","message":"Request received","method":"GET","service":"user-service","url":"/client.js"}
{"date":"2023-09-06T08:28:01.484Z","level":"info","message":"Request received","method":"GET","service":"user-service","url":"/"}
{"date":"2023-09-06T08:28:01.513Z","level":"info","message":"Request received","method":"GET","service":"user-service","url":"/style.css"}
{"date":"2023-09-06T08:28:01.517Z","level":"info","message":"Request received","method":"GET","service":"user-service","url":"/wassup.png"}
{"date":"2023-09-06T08:28:01.522Z","level":"info","message":"Request received","method":"GET","service":"user-service","url":"/client.js"}
{"date":"2023-09-06T08:28:01.699Z","level":"info","message":"Request received","method":"GET","service":"user-service","url":"/"}
{"date":"2023-09-06T08:28:01.729Z","level":"info","message":"Request received","method":"GET","service":"user-service","url":"/style.css"}
{"date":"2023-09-06T08:28:01.733Z","level":"info","message":"Request received","method":"GET","service":"user-service","url":"/wassup.png"}
{"date":"2023-09-06T08:28:01.748Z","level":"info","message":"Request received","method":"GET","service":"user-service","url":"/client.js"}
{"date":"2023-09-06T08:28:19.067Z","level":"info","message":"Request received","method":"GET","service":"user-service","url":"/"}
{"date":"2023-09-06T08:28:19.094Z","level":"info","message":"Request received","method":"GET","service":"user-service","url":"/style.css"}
{"date":"2023-09-06T08:28:19.099Z","level":"info","message":"Request received","method":"GET","service":"user-service","url":"/wassup.png"}
{"date":"2023-09-06T08:28:19.113Z","level":"info","message":"Request received","method":"GET","service":"user-service","url":"/client.js"}
{"date":"2023-09-06T08:28:48.399Z","level":"info","message":"Request received","method":"GET","service":"user-service","url":"/"}
{"date":"2023-09-06T08:28:48.423Z","level":"info","message":"Request received","method":"GET","service":"user-service","url":"/style.css"}
{"date":"2023-09-06T08:28:48.428Z","level":"info","message":"Request received","method":"GET","service":"user-service","url":"/wassup.png"}
{"date":"2023-09-06T08:28:48.443Z","level":"info","message":"Request received","method":"GET","service":"user-service","url":"/client.js"}
{"date":"2023-09-06T08:28:56.353Z","level":"info","message":"Request received","method":"GET","service":"user-service","url":"/"}
{"date":"2023-09-06T08:28:56.378Z","level":"info","message":"Request received","method":"GET","service":"user-service","url":"/wassup.png"}
{"date":"2023-09-06T08:28:56.381Z","level":"info","message":"Request received","method":"GET","service":"user-service","url":"/style.css"}
{"date":"2023-09-06T08:28:56.400Z","level":"info","message":"Request received","method":"GET","service":"user-service","url":"/client.js"}
{"date":"2023-09-06T08:29:14.437Z","level":"info","message":"Request received","method":"GET","service":"user-service","url":"/"}
{"date":"2023-09-06T08:29:14.463Z","level":"info","message":"Request received","method":"GET","service":"user-service","url":"/style.css"}
{"date":"2023-09-06T08:29:14.469Z","level":"info","message":"Request received","method":"GET","service":"user-service","url":"/wassup.png"}
{"date":"2023-09-06T08:29:14.474Z","level":"info","message":"Request received","method":"GET","service":"user-service","url":"/client.js"}
{"date":"2023-09-06T08:29:51.350Z","level":"info","message":"Request received","method":"GET","service":"user-service","url":"/"}
{"date":"2023-09-06T08:29:51.375Z","level":"info","message":"Request received","method":"GET","service":"user-service","url":"/style.css"}
{"date":"2023-09-06T08:29:51.385Z","level":"info","message":"Request received","method":"GET","service":"user-service","url":"/wassup.png"}
{"date":"2023-09-06T08:29:51.396Z","level":"info","message":"Request received","method":"GET","service":"user-service","url":"/client.js"}
{"date":"2023-09-06T08:30:33.950Z","level":"info","message":"Request received","method":"GET","service":"user-service","url":"/"}
{"date":"2023-09-06T08:30:33.974Z","level":"info","message":"Request received","method":"GET","service":"user-service","url":"/style.css"}
{"date":"2023-09-06T08:30:33.981Z","level":"info","message":"Request received","method":"GET","service":"user-service","url":"/wassup.png"}
{"date":"2023-09-06T08:30:33.992Z","level":"info","message":"Request received","method":"GET","service":"user-service","url":"/client.js"}
{"date":"2023-09-06T08:30:34.835Z","level":"info","message":"Request received","method":"GET","service":"user-service","url":"/"}
{"date":"2023-09-06T08:30:34.862Z","level":"info","message":"Request received","method":"GET","service":"user-service","url":"/style.css"}
{"date":"2023-09-06T08:30:34.870Z","level":"info","message":"Request received","method":"GET","service":"user-service","url":"/wassup.png"}
{"date":"2023-09-06T08:30:34.882Z","level":"info","message":"Request received","method":"GET","service":"user-service","url":"/client.js"}
{"date":"2023-09-06T08:30:35.846Z","level":"info","message":"Request received","method":"GET","service":"user-service","url":"/"}
{"date":"2023-09-06T08:30:35.885Z","level":"info","message":"Request received","method":"GET","service":"user-service","url":"/style.css"}
{"date":"2023-09-06T08:30:35.887Z","level":"info","message":"Request received","method":"GET","service":"user-service","url":"/wassup.png"}
{"date":"2023-09-06T08:30:35.892Z","level":"info","message":"Request received","method":"GET","service":"user-service","url":"/client.js"}
{"date":"2023-09-06T08:30:36.077Z","level":"info","message":"Request received","method":"GET","service":"user-service","url":"/"}
{"date":"2023-09-06T08:30:36.115Z","level":"info","message":"Request received","method":"GET","service":"user-service","url":"/style.css"}
{"date":"2023-09-06T08:30:36.118Z","level":"info","message":"Request received","method":"GET","service":"user-service","url":"/wassup.png"}
{"date":"2023-09-06T08:30:36.120Z","level":"info","message":"Request received","method":"GET","service":"user-service","url":"/client.js"}
{"date":"2023-09-06T08:30:36.258Z","level":"info","message":"Request received","method":"GET","service":"user-service","url":"/"}
{"date":"2023-09-06T08:30:36.282Z","level":"info","message":"Request received","method":"GET","service":"user-service","url":"/style.css"}
{"date":"2023-09-06T08:30:36.286Z","level":"info","message":"Request received","method":"GET","service":"user-service","url":"/wassup.png"}
{"date":"2023-09-06T08:30:36.299Z","level":"info","message":"Request received","method":"GET","service":"user-service","url":"/client.js"}
{"date":"2023-09-06T08:30:36.445Z","level":"info","message":"Request received","method":"GET","service":"user-service","url":"/"}
{"date":"2023-09-06T08:30:36.468Z","level":"info","message":"Request received","method":"GET","service":"user-service","url":"/style.css"}
{"date":"2023-09-06T08:30:36.478Z","level":"info","message":"Request received","method":"GET","service":"user-service","url":"/wassup.png"}
{"date":"2023-09-06T08:30:36.487Z","level":"info","message":"Request received","method":"GET","service":"user-service","url":"/client.js"}
{"date":"2023-09-06T08:30:36.607Z","level":"info","message":"Request received","method":"GET","service":"user-service","url":"/"}
{"date":"2023-09-06T08:30:36.638Z","level":"info","message":"Request received","method":"GET","service":"user-service","url":"/style.css"}
{"date":"2023-09-06T08:30:36.639Z","level":"info","message":"Request received","method":"GET","service":"user-service","url":"/wassup.png"}
{"date":"2023-09-06T08:30:36.646Z","level":"info","message":"Request received","method":"GET","service":"user-service","url":"/client.js"}
{"date":"2023-09-06T08:31:11.035Z","level":"info","message":"Request received","method":"GET","service":"user-service","url":"/"}
{"date":"2023-09-06T08:31:11.074Z","level":"info","message":"Request received","method":"GET","service":"user-service","url":"/style.css"}
{"date":"2023-09-06T08:31:11.084Z","level":"info","message":"Request received","method":"GET","service":"user-service","url":"/client.js"}
{"date":"2023-09-06T08:31:11.085Z","level":"info","message":"Request received","method":"GET","service":"user-service","url":"/wassup.png"}
{"date":"2023-09-06T08:31:11.261Z","level":"info","message":"Request received","method":"GET","service":"user-service","url":"/"}
{"date":"2023-09-06T08:31:11.294Z","level":"info","message":"Request received","method":"GET","service":"user-service","url":"/style.css"}
{"date":"2023-09-06T08:31:11.300Z","level":"info","message":"Request received","method":"GET","service":"user-service","url":"/wassup.png"}
{"date":"2023-09-06T08:31:11.302Z","level":"info","message":"Request received","method":"GET","service":"user-service","url":"/client.js"}
{"date":"2023-09-06T08:31:11.569Z","level":"info","message":"Request received","method":"GET","service":"user-service","url":"/"}
{"date":"2023-09-06T08:31:11.609Z","level":"info","message":"Request received","method":"GET","service":"user-service","url":"/style.css"}
{"date":"2023-09-06T08:31:11.612Z","level":"info","message":"Request received","method":"GET","service":"user-service","url":"/wassup.png"}
{"date":"2023-09-06T08:31:11.615Z","level":"info","message":"Request received","method":"GET","service":"user-service","url":"/client.js"}
{"date":"2023-09-06T08:32:03.081Z","level":"info","message":"Request received","method":"GET","service":"user-service","url":"/"}
{"date":"2023-09-06T08:32:03.110Z","level":"info","message":"Request received","method":"GET","service":"user-service","url":"/style.css"}
{"date":"2023-09-06T08:32:03.118Z","level":"info","message":"Request received","method":"GET","service":"user-service","url":"/wassup.png"}
{"date":"2023-09-06T08:32:03.125Z","level":"info","message":"Request received","method":"GET","service":"user-service","url":"/client.js"}
{"date":"2023-09-06T08:32:03.998Z","level":"info","message":"Request received","method":"GET","service":"user-service","url":"/"}
{"date":"2023-09-06T08:32:04.023Z","level":"info","message":"Request received","method":"GET","service":"user-service","url":"/style.css"}
{"date":"2023-09-06T08:32:04.032Z","level":"info","message":"Request received","method":"GET","service":"user-service","url":"/wassup.png"}
{"date":"2023-09-06T08:32:04.043Z","level":"info","message":"Request received","method":"GET","service":"user-service","url":"/client.js"}
{"date":"2023-09-06T08:32:04.221Z","level":"info","message":"Request received","method":"GET","service":"user-service","url":"/"}
{"date":"2023-09-06T08:32:04.249Z","level":"info","message":"Request received","method":"GET","service":"user-service","url":"/style.css"}
{"date":"2023-09-06T08:32:04.255Z","level":"info","message":"Request received","method":"GET","service":"user-service","url":"/wassup.png"}
{"date":"2023-09-06T08:32:04.265Z","level":"info","message":"Request received","method":"GET","service":"user-service","url":"/client.js"}
{"date":"2023-09-06T08:32:04.438Z","level":"info","message":"Request received","method":"GET","service":"user-service","url":"/"}
{"date":"2023-09-06T08:32:04.462Z","level":"info","message":"Request received","method":"GET","service":"user-service","url":"/style.css"}
{"date":"2023-09-06T08:32:04.467Z","level":"info","message":"Request received","method":"GET","service":"user-service","url":"/wassup.png"}
{"date":"2023-09-06T08:32:04.482Z","level":"info","message":"Request received","method":"GET","service":"user-service","url":"/client.js"}
{"date":"2023-09-06T08:32:04.679Z","level":"info","message":"Request received","method":"GET","service":"user-service","url":"/"}
{"date":"2023-09-06T08:32:04.707Z","level":"info","message":"Request received","method":"GET","service":"user-service","url":"/style.css"}
{"date":"2023-09-06T08:32:04.715Z","level":"info","message":"Request received","method":"GET","service":"user-service","url":"/wassup.png"}
{"date":"2023-09-06T08:32:04.723Z","level":"info","message":"Request received","method":"GET","service":"user-service","url":"/client.js"}
{"date":"2023-09-06T08:32:53.934Z","level":"info","message":"Request received","method":"GET","service":"user-service","url":"/"}
{"date":"2023-09-06T08:32:53.971Z","level":"info","message":"Request received","method":"GET","service":"user-service","url":"/style.css"}
{"date":"2023-09-06T08:32:53.976Z","level":"info","message":"Request received","method":"GET","service":"user-service","url":"/wassup.png"}
{"date":"2023-09-06T08:32:53.991Z","level":"info","message":"Request received","method":"GET","service":"user-service","url":"/client.js"}
{"date":"2023-09-06T08:33:20.728Z","level":"info","message":"Request received","method":"GET","service":"user-service","url":"/"}
{"date":"2023-09-06T08:33:20.771Z","level":"info","message":"Request received","method":"GET","service":"user-service","url":"/style.css"}
{"date":"2023-09-06T08:33:20.778Z","level":"info","message":"Request received","method":"GET","service":"user-service","url":"/client.js"}
{"date":"2023-09-06T08:33:20.780Z","level":"info","message":"Request received","method":"GET","service":"user-service","url":"/wassup.png"}
{"date":"2023-09-06T08:33:20.938Z","level":"info","message":"Request received","method":"GET","service":"user-service","url":"/"}
{"date":"2023-09-06T08:33:20.967Z","level":"info","message":"Request received","method":"GET","service":"user-service","url":"/style.css"}
{"date":"2023-09-06T08:33:20.972Z","level":"info","message":"Request received","method":"GET","service":"user-service","url":"/wassup.png"}
{"date":"2023-09-06T08:33:20.980Z","level":"info","message":"Request received","method":"GET","service":"user-service","url":"/client.js"}
{"date":"2023-09-06T08:33:33.416Z","level":"info","message":"Request received","method":"GET","service":"user-service","url":"/"}
{"date":"2023-09-06T08:33:33.452Z","level":"info","message":"Request received","method":"GET","service":"user-service","url":"/style.css"}
{"date":"2023-09-06T08:33:33.455Z","level":"info","message":"Request received","method":"GET","service":"user-service","url":"/client.js"}
{"date":"2023-09-06T08:33:33.463Z","level":"info","message":"Request received","method":"GET","service":"user-service","url":"/wassup.png"}
{"date":"2023-09-06T08:45:01.183Z","level":"info","message":"Request received","method":"GET","service":"user-service","url":"/"}
{"date":"2023-09-06T08:45:01.226Z","level":"info","message":"Request received","method":"GET","service":"user-service","url":"/style.css"}
{"date":"2023-09-06T08:45:01.232Z","level":"info","message":"Request received","method":"GET","service":"user-service","url":"/wassup.png"}
{"date":"2023-09-06T08:45:01.247Z","level":"info","message":"Request received","method":"GET","service":"user-service","url":"/client.js"}
{"date":"2023-09-06T08:45:01.387Z","level":"info","message":"Request received","method":"GET","service":"user-service","url":"/"}
{"date":"2023-09-06T08:45:01.411Z","level":"info","message":"Request received","method":"GET","service":"user-service","url":"/style.css"}
{"date":"2023-09-06T08:45:01.415Z","level":"info","message":"Request received","method":"GET","service":"user-service","url":"/wassup.png"}
{"date":"2023-09-06T08:45:01.430Z","level":"info","message":"Request received","method":"GET","service":"user-service","url":"/client.js"}
{"date":"2023-09-06T08:45:13.933Z","level":"info","message":"Request received","method":"GET","service":"user-service","url":"/"}
{"date":"2023-09-06T08:45:13.970Z","level":"info","message":"Request received","method":"GET","service":"user-service","url":"/style.css"}
{"date":"2023-09-06T08:45:13.977Z","level":"info","message":"Request received","method":"GET","service":"user-service","url":"/wassup.png"}
{"date":"2023-09-06T08:45:13.991Z","level":"info","message":"Request received","method":"GET","service":"user-service","url":"/client.js"}
{"date":"2023-09-06T08:45:28.969Z","level":"info","message":"Request received","method":"GET","service":"user-service","url":"/"}
{"date":"2023-09-06T08:45:29.016Z","level":"info","message":"Request received","method":"GET","service":"user-service","url":"/style.css"}
{"date":"2023-09-06T08:45:29.022Z","level":"info","message":"Request received","method":"GET","service":"user-service","url":"/wassup.png"}
{"date":"2023-09-06T08:45:29.034Z","level":"info","message":"Request received","method":"GET","service":"user-service","url":"/client.js"}
{"date":"2023-09-06T08:46:27.201Z","level":"info","message":"Request received","method":"GET","service":"user-service","url":"/"}
{"date":"2023-09-06T08:46:27.233Z","level":"info","message":"Request received","method":"GET","service":"user-service","url":"/style.css"}
{"date":"2023-09-06T08:46:27.239Z","level":"info","message":"Request received","method":"GET","service":"user-service","url":"/wassup.png"}
{"date":"2023-09-06T08:46:27.254Z","level":"info","message":"Request received","method":"GET","service":"user-service","url":"/client.js"}
{"date":"2023-09-06T08:46:48.006Z","level":"info","message":"Request received","method":"GET","service":"user-service","url":"/"}
{"date":"2023-09-06T08:46:48.038Z","level":"info","message":"Request received","method":"GET","service":"user-service","url":"/style.css"}
{"date":"2023-09-06T08:46:48.046Z","level":"info","message":"Request received","method":"GET","service":"user-service","url":"/wassup.png"}
{"date":"2023-09-06T08:46:48.062Z","level":"info","message":"Request received","method":"GET","service":"user-service","url":"/client.js"}
{"date":"2023-09-06T08:47:15.413Z","level":"info","message":"Request received","method":"GET","service":"user-service","url":"/"}
{"date":"2023-09-06T08:47:15.440Z","level":"info","message":"Request received","method":"GET","service":"user-service","url":"/wassup.png"}
{"date":"2023-09-06T08:47:15.447Z","level":"info","message":"Request received","method":"GET","service":"user-service","url":"/style.css"}
{"date":"2023-09-06T08:47:15.459Z","level":"info","message":"Request received","method":"GET","service":"user-service","url":"/client.js"}
{"date":"2023-09-06T08:47:29.060Z","level":"info","message":"Request received","method":"GET","service":"user-service","url":"/"}
{"date":"2023-09-06T08:47:29.084Z","level":"info","message":"Request received","method":"GET","service":"user-service","url":"/style.css"}
{"date":"2023-09-06T08:47:29.091Z","level":"info","message":"Request received","method":"GET","service":"user-service","url":"/wassup.png"}
{"date":"2023-09-06T08:47:29.106Z","level":"info","message":"Request received","method":"GET","service":"user-service","url":"/client.js"}
{"date":"2023-09-06T08:49:40.600Z","level":"info","message":"Request received","method":"GET","service":"user-service","url":"/"}
{"date":"2023-09-06T08:49:40.645Z","level":"info","message":"Request received","method":"GET","service":"user-service","url":"/style.css"}
{"date":"2023-09-06T08:49:40.658Z","level":"info","message":"Request received","method":"GET","service":"user-service","url":"/wassup.png"}
{"date":"2023-09-06T08:49:40.670Z","level":"info","message":"Request received","method":"GET","service":"user-service","url":"/client.js"}
{"date":"2023-09-06T08:50:12.978Z","level":"info","message":"Request received","method":"GET","service":"user-service","url":"/"}
{"date":"2023-09-06T08:50:13.021Z","level":"info","message":"Request received","method":"GET","service":"user-service","url":"/style.css"}
{"date":"2023-09-06T08:50:13.024Z","level":"info","message":"Request received","method":"GET","service":"user-service","url":"/client.js"}
{"date":"2023-09-06T08:50:13.031Z","level":"info","message":"Request received","method":"GET","service":"user-service","url":"/wassup.png"}
{"date":"2023-09-06T08:50:51.073Z","level":"info","message":"Request received","method":"GET","service":"user-service","url":"/"}
{"date":"2023-09-06T08:50:51.100Z","level":"info","message":"Request received","method":"GET","service":"user-service","url":"/style.css"}
{"date":"2023-09-06T08:50:51.111Z","level":"info","message":"Request received","method":"GET","service":"user-service","url":"/wassup.png"}
{"date":"2023-09-06T08:50:51.119Z","level":"info","message":"Request received","method":"GET","service":"user-service","url":"/client.js"}
{"date":"2023-09-06T08:51:10.027Z","level":"info","message":"Request received","method":"GET","service":"user-service","url":"/"}
{"date":"2023-09-06T08:51:10.051Z","level":"info","message":"Request received","method":"GET","service":"user-service","url":"/style.css"}
{"date":"2023-09-06T08:51:10.057Z","level":"info","message":"Request received","method":"GET","service":"user-service","url":"/wassup.png"}
{"date":"2023-09-06T08:51:10.071Z","level":"info","message":"Request received","method":"GET","service":"user-service","url":"/client.js"}
{"date":"2023-09-06T08:51:10.260Z","level":"info","message":"Request received","method":"GET","service":"user-service","url":"/"}
{"date":"2023-09-06T08:51:10.284Z","level":"info","message":"Request received","method":"GET","service":"user-service","url":"/style.css"}
{"date":"2023-09-06T08:51:10.285Z","level":"info","message":"Request received","method":"GET","service":"user-service","url":"/wassup.png"}
{"date":"2023-09-06T08:51:10.299Z","level":"info","message":"Request received","method":"GET","service":"user-service","url":"/client.js"}
{"date":"2023-09-06T08:51:23.254Z","level":"info","message":"Request received","method":"GET","service":"user-service","url":"/"}
{"date":"2023-09-06T08:51:23.284Z","level":"info","message":"Request received","method":"GET","service":"user-service","url":"/style.css"}
{"date":"2023-09-06T08:51:23.288Z","level":"info","message":"Request received","method":"GET","service":"user-service","url":"/wassup.png"}
{"date":"2023-09-06T08:51:23.296Z","level":"info","message":"Request received","method":"GET","service":"user-service","url":"/client.js"}
{"date":"2023-09-06T08:51:28.369Z","level":"info","message":"Request received","method":"GET","service":"user-service","url":"/"}
{"date":"2023-09-06T08:51:28.409Z","level":"info","message":"Request received","method":"GET","service":"user-service","url":"/style.css"}
{"date":"2023-09-06T08:51:28.412Z","level":"info","message":"Request received","method":"GET","service":"user-service","url":"/wassup.png"}
{"date":"2023-09-06T08:51:28.422Z","level":"info","message":"Request received","method":"GET","service":"user-service","url":"/client.js"}
{"date":"2023-09-06T08:51:28.637Z","level":"info","message":"Request received","method":"GET","service":"user-service","url":"/"}
{"date":"2023-09-06T08:51:28.661Z","level":"info","message":"Request received","method":"GET","service":"user-service","url":"/style.css"}
{"date":"2023-09-06T08:51:28.664Z","level":"info","message":"Request received","method":"GET","service":"user-service","url":"/wassup.png"}
{"date":"2023-09-06T08:51:28.680Z","level":"info","message":"Request received","method":"GET","service":"user-service","url":"/client.js"}
{"date":"2023-09-06T08:52:01.152Z","level":"info","message":"Request received","method":"GET","service":"user-service","url":"/"}
{"date":"2023-09-06T08:52:01.176Z","level":"info","message":"Request received","method":"GET","service":"user-service","url":"/style.css"}
{"date":"2023-09-06T08:52:01.184Z","level":"info","message":"Request received","method":"GET","service":"user-service","url":"/wassup.png"}
{"date":"2023-09-06T08:52:01.200Z","level":"info","message":"Request received","method":"GET","service":"user-service","url":"/client.js"}
{"date":"2023-09-06T08:52:11.609Z","level":"info","message":"Request received","method":"GET","service":"user-service","url":"/"}
{"date":"2023-09-06T08:52:11.641Z","level":"info","message":"Request received","method":"GET","service":"user-service","url":"/style.css"}
{"date":"2023-09-06T08:52:11.647Z","level":"info","message":"Request received","method":"GET","service":"user-service","url":"/wassup.png"}
{"date":"2023-09-06T08:52:11.654Z","level":"info","message":"Request received","method":"GET","service":"user-service","url":"/client.js"}
{"date":"2023-09-06T08:52:12.319Z","level":"info","message":"Request received","method":"GET","service":"user-service","url":"/"}
{"date":"2023-09-06T08:52:12.351Z","level":"info","message":"Request received","method":"GET","service":"user-service","url":"/style.css"}
{"date":"2023-09-06T08:52:12.354Z","level":"info","message":"Request received","method":"GET","service":"user-service","url":"/wassup.png"}
{"date":"2023-09-06T08:52:12.361Z","level":"info","message":"Request received","method":"GET","service":"user-service","url":"/client.js"}
{"date":"2023-09-06T08:52:12.585Z","level":"info","message":"Request received","method":"GET","service":"user-service","url":"/"}
{"date":"2023-09-06T08:52:12.610Z","level":"info","message":"Request received","method":"GET","service":"user-service","url":"/style.css"}
{"date":"2023-09-06T08:52:12.621Z","level":"info","message":"Request received","method":"GET","service":"user-service","url":"/wassup.png"}
{"date":"2023-09-06T08:52:12.634Z","level":"info","message":"Request received","method":"GET","service":"user-service","url":"/client.js"}
{"date":"2023-09-06T08:52:12.877Z","level":"info","message":"Request received","method":"GET","service":"user-service","url":"/"}
{"date":"2023-09-06T08:52:12.906Z","level":"info","message":"Request received","method":"GET","service":"user-service","url":"/style.css"}
{"date":"2023-09-06T08:52:12.909Z","level":"info","message":"Request received","method":"GET","service":"user-service","url":"/wassup.png"}
{"date":"2023-09-06T08:52:12.922Z","level":"info","message":"Request received","method":"GET","service":"user-service","url":"/client.js"}
{"date":"2023-09-06T08:52:13.108Z","level":"info","message":"Request received","method":"GET","service":"user-service","url":"/"}
{"date":"2023-09-06T08:52:13.133Z","level":"info","message":"Request received","method":"GET","service":"user-service","url":"/style.css"}
{"date":"2023-09-06T08:52:13.134Z","level":"info","message":"Request received","method":"GET","service":"user-service","url":"/wassup.png"}
{"date":"2023-09-06T08:52:13.150Z","level":"info","message":"Request received","method":"GET","service":"user-service","url":"/client.js"}
{"date":"2023-09-06T08:52:13.237Z","level":"info","message":"Request received","method":"GET","service":"user-service","url":"/"}
{"date":"2023-09-06T08:52:13.275Z","level":"info","message":"Request received","method":"GET","service":"user-service","url":"/style.css"}
{"date":"2023-09-06T08:52:13.277Z","level":"info","message":"Request received","method":"GET","service":"user-service","url":"/wassup.png"}
{"date":"2023-09-06T08:52:13.282Z","level":"info","message":"Request received","method":"GET","service":"user-service","url":"/client.js"}
{"date":"2023-09-06T08:52:19.421Z","level":"info","message":"Request received","method":"GET","service":"user-service","url":"/"}
{"date":"2023-09-06T08:52:19.445Z","level":"info","message":"Request received","method":"GET","service":"user-service","url":"/style.css"}
{"date":"2023-09-06T08:52:19.465Z","level":"info","message":"Request received","method":"GET","service":"user-service","url":"/wassup.png"}
{"date":"2023-09-06T08:52:19.469Z","level":"info","message":"Request received","method":"GET","service":"user-service","url":"/client.js"}
{"date":"2023-09-06T08:52:19.692Z","level":"info","message":"Request received","method":"GET","service":"user-service","url":"/"}
{"date":"2023-09-06T08:52:19.717Z","level":"info","message":"Request received","method":"GET","service":"user-service","url":"/style.css"}
{"date":"2023-09-06T08:52:19.719Z","level":"info","message":"Request received","method":"GET","service":"user-service","url":"/wassup.png"}
{"date":"2023-09-06T08:52:19.733Z","level":"info","message":"Request received","method":"GET","service":"user-service","url":"/client.js"}
{"date":"2023-09-06T08:52:19.891Z","level":"info","message":"Request received","method":"GET","service":"user-service","url":"/"}
{"date":"2023-09-06T08:52:19.923Z","level":"info","message":"Request received","method":"GET","service":"user-service","url":"/style.css"}
{"date":"2023-09-06T08:52:19.928Z","level":"info","message":"Request received","method":"GET","service":"user-service","url":"/wassup.png"}
{"date":"2023-09-06T08:52:19.943Z","level":"info","message":"Request received","method":"GET","service":"user-service","url":"/client.js"}
{"date":"2023-09-06T08:52:20.138Z","level":"info","message":"Request received","method":"GET","service":"user-service","url":"/"}
{"date":"2023-09-06T08:52:20.174Z","level":"info","message":"Request received","method":"GET","service":"user-service","url":"/style.css"}
{"date":"2023-09-06T08:52:20.176Z","level":"info","message":"Request received","method":"GET","service":"user-service","url":"/wassup.png"}
{"date":"2023-09-06T08:52:20.178Z","level":"info","message":"Request received","method":"GET","service":"user-service","url":"/client.js"}
{"date":"2023-09-06T08:52:20.369Z","level":"info","message":"Request received","method":"GET","service":"user-service","url":"/"}
{"date":"2023-09-06T08:52:20.397Z","level":"info","message":"Request received","method":"GET","service":"user-service","url":"/style.css"}
{"date":"2023-09-06T08:52:20.402Z","level":"info","message":"Request received","method":"GET","service":"user-service","url":"/wassup.png"}
{"date":"2023-09-06T08:52:20.412Z","level":"info","message":"Request received","method":"GET","service":"user-service","url":"/client.js"}
{"date":"2023-09-06T08:52:27.087Z","level":"info","message":"Request received","method":"GET","service":"user-service","url":"/"}
{"date":"2023-09-06T08:52:27.120Z","level":"info","message":"Request received","method":"GET","service":"user-service","url":"/style.css"}
{"date":"2023-09-06T08:52:27.122Z","level":"info","message":"Request received","method":"GET","service":"user-service","url":"/wassup.png"}
{"date":"2023-09-06T08:52:27.131Z","level":"info","message":"Request received","method":"GET","service":"user-service","url":"/client.js"}
{"date":"2023-09-06T08:52:47.311Z","level":"info","message":"Request received","method":"GET","service":"user-service","url":"/"}
{"date":"2023-09-06T08:52:47.336Z","level":"info","message":"Request received","method":"GET","service":"user-service","url":"/style.css"}
{"date":"2023-09-06T08:52:47.349Z","level":"info","message":"Request received","method":"GET","service":"user-service","url":"/client.js"}
{"date":"2023-09-06T08:52:47.353Z","level":"info","message":"Request received","method":"GET","service":"user-service","url":"/wassup.png"}
{"date":"2023-09-06T08:53:00.552Z","level":"info","message":"Request received","method":"GET","service":"user-service","url":"/style.css"}
{"date":"2023-09-06T08:53:00.563Z","level":"info","message":"Request received","method":"GET","service":"user-service","url":"/wassup.png"}
{"date":"2023-09-06T08:53:00.569Z","level":"info","message":"Request received","method":"GET","service":"user-service","url":"/client.js"}
{"date":"2023-09-06T08:53:14.612Z","level":"info","message":"Request received","method":"GET","service":"user-service","url":"/"}
{"date":"2023-09-06T08:53:14.645Z","level":"info","message":"Request received","method":"GET","service":"user-service","url":"/style.css"}
{"date":"2023-09-06T08:53:14.651Z","level":"info","message":"Request received","method":"GET","service":"user-service","url":"/wassup.png"}
{"date":"2023-09-06T08:53:14.667Z","level":"info","message":"Request received","method":"GET","service":"user-service","url":"/client.js"}
{"date":"2023-09-06T08:53:16.892Z","level":"info","message":"Request received","method":"GET","service":"user-service","url":"/"}
{"date":"2023-09-06T08:53:18.788Z","level":"info","message":"Request received","method":"GET","service":"user-service","url":"/"}
{"date":"2023-09-06T08:53:23.284Z","level":"info","message":"Request received","method":"GET","service":"user-service","url":"/wassup.png"}
{"date":"2023-09-06T08:53:23.289Z","level":"info","message":"Request received","method":"GET","service":"user-service","url":"/style.css"}
{"date":"2023-09-06T08:53:23.521Z","level":"info","message":"Request received","method":"GET","service":"user-service","url":"/style.css"}
{"date":"2023-09-06T08:53:23.524Z","level":"info","message":"Request received","method":"GET","service":"user-service","url":"/wassup.png"}
{"date":"2023-09-06T08:53:23.736Z","level":"info","message":"Request received","method":"GET","service":"user-service","url":"/client.js"}
{"date":"2023-09-06T08:55:45.663Z","level":"info","message":"Request received","method":"GET","service":"user-service","url":"/"}
{"date":"2023-09-06T08:55:45.693Z","level":"info","message":"Request received","method":"GET","service":"user-service","url":"/style.css"}
{"date":"2023-09-06T08:55:45.700Z","level":"info","message":"Request received","method":"GET","service":"user-service","url":"/wassup.png"}
{"date":"2023-09-06T08:55:45.713Z","level":"info","message":"Request received","method":"GET","service":"user-service","url":"/client.js"}
{"date":"2023-09-06T08:57:12.764Z","level":"info","message":"Request received","method":"GET","service":"user-service","url":"/"}
{"date":"2023-09-06T08:57:12.788Z","level":"info","message":"Request received","method":"GET","service":"user-service","url":"/style.css"}
{"date":"2023-09-06T08:57:12.808Z","level":"info","message":"Request received","method":"GET","service":"user-service","url":"/wassup.png"}
{"date":"2023-09-06T08:57:12.819Z","level":"info","message":"Request received","method":"GET","service":"user-service","url":"/client.js"}
{"date":"2023-09-06T08:58:14.171Z","level":"info","message":"Request received","method":"GET","service":"user-service","url":"/"}
{"date":"2023-09-06T08:58:14.199Z","level":"info","message":"Request received","method":"GET","service":"user-service","url":"/style.css"}
{"date":"2023-09-06T08:58:14.210Z","level":"info","message":"Request received","method":"GET","service":"user-service","url":"/wassup.png"}
{"date":"2023-09-06T08:58:14.217Z","level":"info","message":"Request received","method":"GET","service":"user-service","url":"/client.js"}
{"date":"2023-09-06T08:59:51.075Z","level":"info","message":"Request received","method":"GET","service":"user-service","url":"/"}
{"date":"2023-09-06T08:59:51.101Z","level":"info","message":"Request received","method":"GET","service":"user-service","url":"/style.css"}
{"date":"2023-09-06T08:59:51.108Z","level":"info","message":"Request received","method":"GET","service":"user-service","url":"/wassup.png"}
{"date":"2023-09-06T08:59:51.123Z","level":"info","message":"Request received","method":"GET","service":"user-service","url":"/client.js"}
{"date":"2023-09-06T09:00:21.531Z","level":"info","message":"Request received","method":"GET","service":"user-service","url":"/"}
{"date":"2023-09-06T09:00:21.556Z","level":"info","message":"Request received","method":"GET","service":"user-service","url":"/style.css"}
{"date":"2023-09-06T09:00:21.564Z","level":"info","message":"Request received","method":"GET","service":"user-service","url":"/wassup.png"}
{"date":"2023-09-06T09:00:21.577Z","level":"info","message":"Request received","method":"GET","service":"user-service","url":"/client.js"}
{"date":"2023-09-06T09:00:51.714Z","level":"info","message":"Request received","method":"GET","service":"user-service","url":"/"}
{"date":"2023-09-06T09:00:51.739Z","level":"info","message":"Request received","method":"GET","service":"user-service","url":"/style.css"}
{"date":"2023-09-06T09:00:51.752Z","level":"info","message":"Request received","method":"GET","service":"user-service","url":"/wassup.png"}
{"date":"2023-09-06T09:00:51.761Z","level":"info","message":"Request received","method":"GET","service":"user-service","url":"/client.js"}
{"date":"2023-09-06T09:02:49.515Z","level":"info","message":"Request received","method":"GET","service":"user-service","url":"/"}
{"date":"2023-09-06T09:02:49.538Z","level":"info","message":"Request received","method":"GET","service":"user-service","url":"/style.css"}
{"date":"2023-09-06T09:02:49.545Z","level":"info","message":"Request received","method":"GET","service":"user-service","url":"/wassup.png"}
{"date":"2023-09-06T09:02:49.559Z","level":"info","message":"Request received","method":"GET","service":"user-service","url":"/client.js"}
{"date":"2023-09-06T09:03:37.492Z","level":"info","message":"Request received","method":"GET","service":"user-service","url":"/"}
{"date":"2023-09-06T09:03:37.533Z","level":"info","message":"Request received","method":"GET","service":"user-service","url":"/style.css"}
{"date":"2023-09-06T09:03:37.541Z","level":"info","message":"Request received","method":"GET","service":"user-service","url":"/wassup.png"}
{"date":"2023-09-06T09:03:37.547Z","level":"info","message":"Request received","method":"GET","service":"user-service","url":"/client.js"}
{"date":"2023-09-06T09:04:23.064Z","level":"info","message":"Request received","method":"GET","service":"user-service","url":"/"}
{"date":"2023-09-06T09:04:23.093Z","level":"info","message":"Request received","method":"GET","service":"user-service","url":"/style.css"}
{"date":"2023-09-06T09:04:23.097Z","level":"info","message":"Request received","method":"GET","service":"user-service","url":"/wassup.png"}
{"date":"2023-09-06T09:04:23.111Z","level":"info","message":"Request received","method":"GET","service":"user-service","url":"/client.js"}
{"date":"2023-09-06T09:04:48.979Z","level":"info","message":"Request received","method":"GET","service":"user-service","url":"/"}
{"date":"2023-09-06T09:04:49.006Z","level":"info","message":"Request received","method":"GET","service":"user-service","url":"/style.css"}
{"date":"2023-09-06T09:04:49.017Z","level":"info","message":"Request received","method":"GET","service":"user-service","url":"/wassup.png"}
{"date":"2023-09-06T09:04:49.027Z","level":"info","message":"Request received","method":"GET","service":"user-service","url":"/client.js"}
{"date":"2023-09-06T09:05:49.843Z","level":"info","message":"Request received","method":"GET","service":"user-service","url":"/"}
{"date":"2023-09-06T09:05:49.873Z","level":"info","message":"Request received","method":"GET","service":"user-service","url":"/style.css"}
{"date":"2023-09-06T09:05:49.883Z","level":"info","message":"Request received","method":"GET","service":"user-service","url":"/wassup.png"}
{"date":"2023-09-06T09:05:49.896Z","level":"info","message":"Request received","method":"GET","service":"user-service","url":"/client.js"}
{"date":"2023-09-06T09:06:04.013Z","level":"info","message":"Request received","method":"GET","service":"user-service","url":"/"}
{"date":"2023-09-06T09:06:04.037Z","level":"info","message":"Request received","method":"GET","service":"user-service","url":"/style.css"}
{"date":"2023-09-06T09:06:04.046Z","level":"info","message":"Request received","method":"GET","service":"user-service","url":"/wassup.png"}
{"date":"2023-09-06T09:06:04.059Z","level":"info","message":"Request received","method":"GET","service":"user-service","url":"/client.js"}
{"date":"2023-09-06T09:06:20.616Z","level":"info","message":"Request received","method":"GET","service":"user-service","url":"/"}
{"date":"2023-09-06T09:06:20.641Z","level":"info","message":"Request received","method":"GET","service":"user-service","url":"/style.css"}
{"date":"2023-09-06T09:06:20.650Z","level":"info","message":"Request received","method":"GET","service":"user-service","url":"/wassup.png"}
{"date":"2023-09-06T09:06:20.659Z","level":"info","message":"Request received","method":"GET","service":"user-service","url":"/client.js"}
{"date":"2023-09-06T09:06:52.297Z","level":"info","message":"Request received","method":"GET","service":"user-service","url":"/"}
{"date":"2023-09-06T09:06:52.330Z","level":"info","message":"Request received","method":"GET","service":"user-service","url":"/style.css"}
{"date":"2023-09-06T09:06:52.334Z","level":"info","message":"Request received","method":"GET","service":"user-service","url":"/wassup.png"}
{"date":"2023-09-06T09:06:52.345Z","level":"info","message":"Request received","method":"GET","service":"user-service","url":"/client.js"}
{"date":"2023-09-06T09:07:00.840Z","level":"info","message":"Request received","method":"GET","service":"user-service","url":"/"}
{"date":"2023-09-06T09:07:00.876Z","level":"info","message":"Request received","method":"GET","service":"user-service","url":"/style.css"}
{"date":"2023-09-06T09:07:00.879Z","level":"info","message":"Request received","method":"GET","service":"user-service","url":"/wassup.png"}
{"date":"2023-09-06T09:07:00.885Z","level":"info","message":"Request received","method":"GET","service":"user-service","url":"/client.js"}
{"date":"2023-09-25T05:23:04.890Z","level":"info","message":"Request received","method":"POST","service":"user-service","url":"/auth/register"}
{"date":"2023-09-25T05:26:37.056Z","level":"info","message":"Request received","method":"POST","service":"user-service","url":"/auth/register"}
{"date":"2023-09-25T05:27:28.475Z","level":"info","message":"Request received","method":"POST","service":"user-service","url":"/auth/register"}
{"date":"2023-09-25T05:29:17.839Z","level":"info","message":"Request received","method":"POST","service":"user-service","url":"/auth/register"}
{"date":"2023-09-25T05:31:30.365Z","level":"info","message":"Request received","method":"POST","service":"user-service","url":"/auth/register"}
{"date":"2023-09-25T05:36:02.084Z","level":"info","message":"Request received","method":"POST","service":"user-service","url":"/auth/register"}
{"date":"2023-09-25T05:38:15.240Z","level":"info","message":"Request received","method":"POST","service":"user-service","url":"/auth/register"}
{"date":"2023-09-25T05:39:16.678Z","level":"info","message":"Request received","method":"POST","service":"user-service","url":"/auth/register"}
{"date":"2023-09-25T05:40:17.378Z","level":"info","message":"Request received","method":"POST","service":"user-service","url":"/auth/register"}
{"date":"2023-09-25T05:42:47.837Z","level":"info","message":"Request received","method":"POST","service":"user-service","url":"/auth/register"}
{"date":"2023-09-25T05:43:28.509Z","level":"info","message":"Request received","method":"POST","service":"user-service","url":"/auth/register"}
{"date":"2023-09-25T05:43:32.770Z","level":"info","message":"Request received","method":"POST","service":"user-service","url":"/auth/register"}
{"date":"2023-09-25T05:43:33.162Z","level":"error","message":"User already exists","method":"POST","service":"user-service","url":"/register"}
{"date":"2023-09-25T07:24:49.743Z","level":"info","message":"Request received","method":"POST","service":"user-service","url":"/auth/requestEmailToken"}
{"date":"2023-09-25T07:24:51.147Z","level":"error","message":"The provided authorization grant is invalid, expired, or revoked","method":"POST","service":"user-service","url":"/requestEmailToken"}
{"date":"2023-09-25T07:25:17.486Z","level":"info","message":"Request received","method":"POST","service":"user-service","url":"/auth/verifyEmail"}
{"date":"2023-09-25T07:25:29.721Z","level":"info","message":"Request received","method":"POST","service":"user-service","url":"/auth/requestEmailToken"}
{"date":"2023-09-25T07:25:31.030Z","level":"error","message":"The provided authorization grant is invalid, expired, or revoked","method":"POST","service":"user-service","url":"/requestEmailToken"}
{"date":"2023-09-25T07:25:56.530Z","level":"info","message":"Request received","method":"POST","service":"user-service","url":"/auth/verifyEmail"}
{"date":"2023-09-25T07:26:19.363Z","level":"info","message":"Request received","method":"POST","service":"user-service","url":"/auth/login"}
{"date":"2023-09-25T07:27:32.631Z","level":"info","message":"Request received","method":"POST","service":"user-service","url":"/auth/login"}
{"date":"2023-09-25T07:29:22.405Z","level":"info","message":"Request received","method":"POST","service":"user-service","url":"/auth/login"}
{"date":"2023-09-25T07:29:22.705Z","level":"error","message":"User does not exist","service":"user-service"}
{"date":"2023-09-25T07:29:22.710Z","level":"error","message":"Invalid status code: IncomingMessage {\n  _readableState: [ReadableState],\n  _events: [Object: null prototype] {},\n  _eventsCount: 0,\n  _maxListeners: undefined,\n  socket: [Socket],\n  httpVersionMajor: 1,\n  httpVersionMinor: 1,\n  httpVersion: '1.1',\n  complete: true,\n  rawHeaders: [Array],\n  rawTrailers: [],\n  joinDuplicateHeaders: undefined,\n  aborted: false,\n  upgrade: false,\n  url: '/login',\n  method: 'POST',\n  statusCode: null,\n  statusMessage: null,\n  client: [Socket],\n  _consuming: true,\n  _dumped: false,\n  next: [Function: next],\n  baseUrl: '/auth',\n  originalUrl: '/auth/login',\n  _parsedUrl: [Url],\n  params: {},\n  query: {},\n  res: [ServerResponse],\n  body: [Object],\n  _body: true,\n  length: undefined,\n  route: [Route],\n  [Symbol(kCapture)]: false,\n  [Symbol(kHeaders)]: [Object],\n  [Symbol(kHeadersCount)]: 18,\n  [Symbol(kTrailers)]: null,\n  [Symbol(kTrailersCount)]: 0\n}","method":"POST","service":"user-service","url":"/login"}
{"date":"2023-09-26T06:58:03.882Z","level":"info","message":"Request received","method":"POST","service":"user-service","url":"/auth/login"}
{"date":"2023-09-26T06:59:38.658Z","level":"info","message":"Request received","method":"POST","service":"user-service","url":"/auth/login"}
{"date":"2023-09-26T07:00:45.282Z","level":"info","message":"Request received","method":"POST","service":"user-service","url":"/auth/login"}
{"date":"2023-09-26T07:03:17.677Z","level":"info","message":"Request received","method":"POST","service":"user-service","url":"/auth/login"}
{"date":"2023-09-26T07:04:19.264Z","level":"info","message":"Request received","method":"POST","service":"user-service","url":"/auth/login"}
{"date":"2023-09-26T07:04:38.067Z","level":"info","message":"Request received","method":"POST","service":"user-service","url":"/chat/create"}
{"date":"2023-09-26T07:04:38.068Z","level":"error","message":"Cannot read properties of undefined (reading '_id')","method":"POST","service":"user-service","url":"/create"}
{"date":"2023-09-26T07:05:15.634Z","level":"info","message":"Request received","method":"POST","service":"user-service","url":"/auth/login"}
{"date":"2023-09-26T07:05:35.443Z","level":"info","message":"Request received","method":"POST","service":"user-service","url":"/auth/login"}
{"date":"2023-09-26T07:06:04.852Z","level":"info","message":"Request received","method":"POST","service":"user-service","url":"/auth/login"}
{"date":"2023-09-26T07:07:09.737Z","level":"info","message":"Request received","method":"POST","service":"user-service","url":"/auth/login"}
{"date":"2023-09-26T07:07:31.274Z","level":"info","message":"Request received","method":"POST","service":"user-service","url":"/auth/register"}
{"date":"2023-09-26T07:07:44.328Z","level":"info","message":"Request received","method":"POST","service":"user-service","url":"/auth/requestEmailToken"}
{"date":"2023-09-26T07:07:45.818Z","level":"error","message":"The provided authorization grant is invalid, expired, or revoked","method":"POST","service":"user-service","url":"/requestEmailToken"}
{"date":"2023-09-26T07:08:02.386Z","level":"info","message":"Request received","method":"POST","service":"user-service","url":"/auth/verifyEmail"}
{"date":"2023-09-26T07:08:19.404Z","level":"info","message":"Request received","method":"POST","service":"user-service","url":"/auth/login"}
{"date":"2023-09-26T07:09:00.443Z","level":"info","message":"Request received","method":"POST","service":"user-service","url":"/chat/create"}
{"date":"2023-09-26T07:09:15.186Z","level":"info","message":"Request received","method":"POST","service":"user-service","url":"/auth/login"}
{"date":"2023-09-26T07:09:37.725Z","level":"info","message":"Request received","method":"POST","service":"user-service","url":"/auth/login"}
{"date":"2023-09-26T07:14:53.056Z","level":"info","message":"Request received","method":"POST","service":"user-service","url":"/auth/login"}
{"date":"2023-09-26T07:15:35.689Z","level":"info","message":"Request received","method":"POST","service":"user-service","url":"/chat/create"}
{"date":"2023-09-26T07:17:28.480Z","level":"info","message":"Request received","method":"POST","service":"user-service","url":"/chat/create"}
{"date":"2023-09-26T07:18:16.203Z","level":"info","message":"Request received","method":"POST","service":"user-service","url":"/chat/create"}
{"date":"2023-09-26T07:25:45.689Z","level":"info","message":"Request received","method":"POST","service":"user-service","url":"/chat/create"}
{"date":"2023-09-26T07:27:27.407Z","level":"info","message":"Request received","method":"POST","service":"user-service","url":"/chat/create"}
{"date":"2023-09-26T07:27:27.745Z","level":"error","message":"senderId is not defined","method":"POST","service":"user-service","url":"/create"}
{"date":"2023-09-26T07:28:02.952Z","level":"info","message":"Request received","method":"POST","service":"user-service","url":"/chat/create"}
{"date":"2023-09-26T07:31:15.975Z","level":"info","message":"Request received","method":"POST","service":"user-service","url":"/chat/create"}
{"date":"2023-09-26T07:32:21.069Z","level":"info","message":"Request received","method":"POST","service":"user-service","url":"/chat/create"}
{"date":"2023-09-26T07:32:53.976Z","level":"info","message":"Request received","method":"POST","service":"user-service","url":"/chat/create"}
{"date":"2023-09-26T07:33:35.750Z","level":"info","message":"Request received","method":"POST","service":"user-service","url":"/chat/create"}
{"date":"2023-09-26T07:34:15.570Z","level":"info","message":"Request received","method":"POST","service":"user-service","url":"/chat/create"}
{"date":"2023-09-26T07:34:39.998Z","level":"info","message":"Request received","method":"POST","service":"user-service","url":"/chat/create"}
{"date":"2023-09-26T07:37:31.755Z","level":"info","message":"Request received","method":"POST","service":"user-service","url":"/chat/create/65111e00568e2ef83c47ede0"}
{"date":"2023-09-26T07:38:23.829Z","level":"info","message":"Request received","method":"POST","service":"user-service","url":"/chat/create/65111e00568e2ef83c47ede0"}
{"date":"2023-09-26T07:38:43.440Z","level":"info","message":"Request received","method":"POST","service":"user-service","url":"/chat/create/65111e00568e2ef83c47ede0"}
{"date":"2023-09-26T07:39:35.449Z","level":"info","message":"Request received","method":"POST","service":"user-service","url":"/chat/create/65111e00568e2ef83c47ede0"}
{"date":"2023-09-26T07:41:01.716Z","level":"info","message":"Request received","method":"POST","service":"user-service","url":"/chat/create/65111e00568e2ef83c47ede0"}
{"date":"2023-09-26T07:41:05.067Z","level":"error","message":"Invalid userId","method":"POST","service":"user-service","url":"/create/65111e00568e2ef83c47ede0"}
{"date":"2023-09-26T07:41:08.197Z","level":"info","message":"Request received","method":"POST","service":"user-service","url":"/chat/create/65111e00568e2ef83c47ede0"}
{"date":"2023-09-26T07:41:08.518Z","level":"error","message":"Invalid userId","method":"POST","service":"user-service","url":"/create/65111e00568e2ef83c47ede0"}
{"date":"2023-09-26T07:41:15.707Z","level":"info","message":"Request received","method":"POST","service":"user-service","url":"/chat/create/65111e00568e2ef83c47ede0"}
{"date":"2023-09-26T07:41:16.021Z","level":"error","message":"Invalid userId","method":"POST","service":"user-service","url":"/create/65111e00568e2ef83c47ede0"}
{"date":"2023-09-26T07:41:34.771Z","level":"info","message":"Request received","method":"POST","service":"user-service","url":"/chat/create/65111e00568e2ef83c47ede0"}
{"date":"2023-09-27T02:21:33.082Z","level":"info","message":"Request received","method":"POST","service":"user-service","url":"/auth/login"}
{"date":"2023-09-27T02:22:15.496Z","level":"info","message":"Request received","method":"GET","service":"user-service","url":"/chat/fetch"}
{"date":"2023-09-27T02:23:57.267Z","level":"info","message":"Request received","method":"POST","service":"user-service","url":"/chat/create/6511193937765b3b065faa83"}
{"date":"2023-09-27T02:24:23.072Z","level":"info","message":"Request received","method":"GET","service":"user-service","url":"/chat/fetch"}
{"date":"2023-09-27T02:26:09.384Z","level":"info","message":"Request received","method":"GET","service":"user-service","url":"/chat/fetch"}
{"date":"2023-09-27T02:27:08.134Z","level":"info","message":"Request received","method":"GET","service":"user-service","url":"/chat/fetch"}
{"date":"2023-09-27T02:30:05.855Z","level":"info","message":"Request received","method":"GET","service":"user-service","url":"/chat/fetch"}
{"date":"2023-09-27T02:54:00.743Z","level":"info","message":"Request received","method":"POST","service":"user-service","url":"/chat/createGroup"}
{"date":"2023-09-27T02:54:01.071Z","level":"error","message":"Unexpected token u in JSON at position 0","method":"POST","service":"user-service","url":"/createGroup"}
{"date":"2023-09-27T02:54:46.272Z","level":"info","message":"Request received","method":"POST","service":"user-service","url":"/chat/createGroup"}
{"date":"2023-09-27T03:27:25.020Z","level":"info","message":"Request received","method":"PUT","service":"user-service","url":"/chat/removeMembers/651399761fc5aab66b2989ed"}
{"date":"2023-09-27T03:29:50.457Z","level":"info","message":"Request received","method":"PUT","service":"user-service","url":"/chat/removeMembers/651399761fc5aab66b2989ed"}
{"date":"2023-09-27T03:31:40.829Z","level":"info","message":"Request received","method":"PUT","service":"user-service","url":"/chat/removeMembers/651399761fc5aab66b2989ed"}
{"date":"2023-09-27T03:45:23.434Z","level":"info","message":"Request received","method":"PUT","service":"user-service","url":"/chat/removeMembers/651399761fc5aab66b2989ed"}
{"date":"2023-09-27T03:46:49.913Z","level":"info","message":"Request received","method":"PUT","service":"user-service","url":"/chat/removeMembers/651399761fc5aab66b2989ed"}
{"date":"2023-09-27T03:47:55.677Z","level":"info","message":"Request received","method":"PUT","service":"user-service","url":"/chat/removeMembers/651399761fc5aab66b2989ed"}
{"date":"2023-09-27T03:50:24.631Z","level":"info","message":"Request received","method":"PUT","service":"user-service","url":"/chat/removeMembers/651399761fc5aab66b2989ed"}
{"date":"2023-09-27T03:52:28.390Z","level":"info","message":"Request received","method":"PUT","service":"user-service","url":"/chat/addMembers/651399761fc5aab66b2989ed"}
{"date":"2023-09-27T03:54:30.424Z","level":"info","message":"Request received","method":"PUT","service":"user-service","url":"/chat/removeMembers/651399761fc5aab66b2989ed"}
{"date":"2023-09-27T03:54:51.887Z","level":"info","message":"Request received","method":"PUT","service":"user-service","url":"/chat/addMembers/651399761fc5aab66b2989ed"}
{"date":"2023-09-27T03:57:04.833Z","level":"info","message":"Request received","method":"PUT","service":"user-service","url":"/chat/renameGroup/651399761fc5aab66b2989ed"}
{"date":"2023-09-27T03:58:01.104Z","level":"info","message":"Request received","method":"PUT","service":"user-service","url":"/chat/renameGroup/651399761fc5aab66b2989ed"}
{"date":"2023-09-27T03:58:13.068Z","level":"info","message":"Request received","method":"PUT","service":"user-service","url":"/chat/renameGroup/651399761fc5aab66b2989ed"}
