{"date":"2023-09-25T05:43:33.162Z","level":"error","message":"User already exists","method":"POST","service":"user-service","url":"/register"}
{"date":"2023-09-25T07:24:51.147Z","level":"error","message":"The provided authorization grant is invalid, expired, or revoked","method":"POST","service":"user-service","url":"/requestEmailToken"}
{"date":"2023-09-25T07:25:31.030Z","level":"error","message":"The provided authorization grant is invalid, expired, or revoked","method":"POST","service":"user-service","url":"/requestEmailToken"}
{"date":"2023-09-25T07:29:22.705Z","level":"error","message":"User does not exist","service":"user-service"}
{"date":"2023-09-25T07:29:22.710Z","level":"error","message":"Invalid status code: IncomingMessage {\n  _readableState: [ReadableState],\n  _events: [Object: null prototype] {},\n  _eventsCount: 0,\n  _maxListeners: undefined,\n  socket: [Socket],\n  httpVersionMajor: 1,\n  httpVersionMinor: 1,\n  httpVersion: '1.1',\n  complete: true,\n  rawHeaders: [Array],\n  rawTrailers: [],\n  joinDuplicateHeaders: undefined,\n  aborted: false,\n  upgrade: false,\n  url: '/login',\n  method: 'POST',\n  statusCode: null,\n  statusMessage: null,\n  client: [Socket],\n  _consuming: true,\n  _dumped: false,\n  next: [Function: next],\n  baseUrl: '/auth',\n  originalUrl: '/auth/login',\n  _parsedUrl: [Url],\n  params: {},\n  query: {},\n  res: [ServerResponse],\n  body: [Object],\n  _body: true,\n  length: undefined,\n  route: [Route],\n  [Symbol(kCapture)]: false,\n  [Symbol(kHeaders)]: [Object],\n  [Symbol(kHeadersCount)]: 18,\n  [Symbol(kTrailers)]: null,\n  [Symbol(kTrailersCount)]: 0\n}","method":"POST","service":"user-service","url":"/login"}
{"date":"2023-09-26T07:04:38.068Z","level":"error","message":"Cannot read properties of undefined (reading '_id')","method":"POST","service":"user-service","url":"/create"}
{"date":"2023-09-26T07:07:45.818Z","level":"error","message":"The provided authorization grant is invalid, expired, or revoked","method":"POST","service":"user-service","url":"/requestEmailToken"}
{"date":"2023-09-26T07:27:27.745Z","level":"error","message":"senderId is not defined","method":"POST","service":"user-service","url":"/create"}
{"date":"2023-09-26T07:41:05.067Z","level":"error","message":"Invalid userId","method":"POST","service":"user-service","url":"/create/65111e00568e2ef83c47ede0"}
{"date":"2023-09-26T07:41:08.518Z","level":"error","message":"Invalid userId","method":"POST","service":"user-service","url":"/create/65111e00568e2ef83c47ede0"}
{"date":"2023-09-26T07:41:16.021Z","level":"error","message":"Invalid userId","method":"POST","service":"user-service","url":"/create/65111e00568e2ef83c47ede0"}
{"date":"2023-09-27T02:54:01.071Z","level":"error","message":"Unexpected token u in JSON at position 0","method":"POST","service":"user-service","url":"/createGroup"}
{"date":"2023-09-27T04:14:37.771Z","level":"error","message":"createChat is not defined","method":"POST","service":"user-service","url":"/send/651399761fc5aab66b2989ed"}
{"date":"2023-09-27T04:16:52.676Z","level":"error","message":"Message.create(...).populate is not a function","method":"POST","service":"user-service","url":"/send/651399761fc5aab66b2989ed"}
{"date":"2023-09-27T04:17:43.111Z","level":"error","message":"Message.create(...).populate is not a function","method":"POST","service":"user-service","url":"/send/651399761fc5aab66b2989ed"}
{"date":"2023-09-27T04:17:46.569Z","level":"error","message":"Message.create(...).populate is not a function","method":"POST","service":"user-service","url":"/send/651399761fc5aab66b2989ed"}
{"date":"2023-09-27T04:22:57.099Z","level":"error","message":"createmessage.populate(...).populate is not a function","method":"POST","service":"user-service","url":"/send/651399761fc5aab66b2989ed"}
{"date":"2023-09-27T04:27:12.226Z","level":"error","message":"Cast to ObjectId failed for value \"hello\" (type string) at path \"latestMessage\" because of \"BSONTypeError\"","method":"POST","service":"user-service","url":"/send/651399761fc5aab66b2989ed"}
{"date":"2023-12-11T08:01:45.549Z","level":"error","message":"Invalid userId","method":"POST","service":"user-service","url":"/create/6511193937765b3b065faa83"}
{"date":"2023-12-11T08:01:51.961Z","level":"error","message":"Invalid userId","method":"POST","service":"user-service","url":"/create/6511193937765b3b065faa83"}
{"date":"2023-12-11T08:04:27.357Z","level":"error","message":"Chat with this user already exist","method":"POST","service":"user-service","url":"/create/6511193937765b3b065faa83"}
{"date":"2023-12-11T08:24:52.840Z","level":"error","message":"val is not iterable","method":"GET","service":"user-service","url":"/fetch"}
{"date":"2023-12-11T08:42:22.577Z","level":"error","message":"Can't use $neq","method":"GET","service":"user-service","url":"/fetch"}
{"date":"2023-12-11T09:48:47.845Z","level":"error","message":"unknown operator: $reg","method":"POST","service":"user-service","url":"/fetch"}
{"date":"2023-12-11T09:49:45.629Z","level":"error","message":"unknown operator: $reg","method":"POST","service":"user-service","url":"/fetch"}
{"date":"2023-12-11T09:50:32.335Z","level":"error","message":"unknown operator: $reg","method":"POST","service":"user-service","url":"/fetch"}
{"date":"2023-12-11T09:51:42.210Z","level":"error","message":"unknown operator: $reg","method":"POST","service":"user-service","url":"/fetch"}
{"date":"2023-12-11T09:58:08.172Z","level":"error","message":"searchFilter is not defined","method":"POST","service":"user-service","url":"/fetch"}
{"date":"2023-12-11T09:58:24.324Z","level":"error","message":"searchFilter is not defined","method":"POST","service":"user-service","url":"/fetch"}
{"date":"2023-12-11T09:58:28.162Z","level":"error","message":"searchFilter is not defined","method":"POST","service":"user-service","url":"/fetch"}
{"date":"2023-12-11T10:02:21.277Z","level":"error","message":"Cast to ObjectId failed for value \"{ '$or': [ { firstName: [Object] }, { lastName: [Object] } ] }\" (type Object) at path \"participants\" for model \"Chat\"","method":"POST","service":"user-service","url":"/fetch"}
{"date":"2023-12-11T10:10:25.866Z","level":"error","message":"Can't use _id with Array.","method":"POST","service":"user-service","url":"/fetch"}
{"date":"2023-12-11T10:10:51.103Z","level":"error","message":"unknown operator: $or","method":"POST","service":"user-service","url":"/fetch"}
{"date":"2023-12-11T10:16:04.321Z","level":"error","message":"Can't use participants with Array.","method":"POST","service":"user-service","url":"/fetch"}
{"date":"2023-12-11T10:16:07.955Z","level":"error","message":"Can't use participants with Array.","method":"POST","service":"user-service","url":"/fetch"}
